[2015-10-01 06:06:34] local.ERROR: exception 'InvalidArgumentException' with message 'There are no commands defined in the "migarte" namespace.

Did you mean this?
    migrate' in C:\xampp\htdocs\lublog\vendor\symfony\console\Symfony\Component\Console\Application.php:501
Stack trace:
#0 C:\xampp\htdocs\lublog\vendor\symfony\console\Symfony\Component\Console\Application.php(535): Symfony\Component\Console\Application->findNamespace('migarte')
#1 C:\xampp\htdocs\lublog\vendor\symfony\console\Symfony\Component\Console\Application.php(192): Symfony\Component\Console\Application->find('migarte:refresh')
#2 C:\xampp\htdocs\lublog\vendor\symfony\console\Symfony\Component\Console\Application.php(126): Symfony\Component\Console\Application->doRun(Object(Symfony\Component\Console\Input\ArgvInput), Object(Symfony\Component\Console\Output\ConsoleOutput))
#3 C:\xampp\htdocs\lublog\vendor\laravel\framework\src\Illuminate\Foundation\Console\Kernel.php(90): Symfony\Component\Console\Application->run(Object(Symfony\Component\Console\Input\ArgvInput), Object(Symfony\Component\Console\Output\ConsoleOutput))
#4 C:\xampp\htdocs\lublog\artisan(36): Illuminate\Foundation\Console\Kernel->handle(Object(Symfony\Component\Console\Input\ArgvInput), Object(Symfony\Component\Console\Output\ConsoleOutput))
#5 {main}  
[2015-10-01 06:06:44] local.ERROR: exception 'PDOException' with message 'SQLSTATE[42S02]: Base table or view not found: 1146 Table 'lublog.migrations' doesn't exist' in C:\xampp\htdocs\lublog\vendor\laravel\framework\src\Illuminate\Database\Connection.php:288
Stack trace:
#0 C:\xampp\htdocs\lublog\vendor\laravel\framework\src\Illuminate\Database\Connection.php(288): PDO->prepare('select max(`bat...')
#1 C:\xampp\htdocs\lublog\vendor\laravel\framework\src\Illuminate\Database\Connection.php(612): Illuminate\Database\Connection->Illuminate\Database\{closure}(Object(Illuminate\Database\MySqlConnection), 'select max(`bat...', Array)
#2 C:\xampp\htdocs\lublog\vendor\laravel\framework\src\Illuminate\Database\Connection.php(576): Illuminate\Database\Connection->runQueryCallback('select max(`bat...', Array, Object(Closure))
#3 C:\xampp\htdocs\lublog\vendor\laravel\framework\src\Illuminate\Database\Connection.php(293): Illuminate\Database\Connection->run('select max(`bat...', Array, Object(Closure))
#4 C:\xampp\htdocs\lublog\vendor\laravel\framework\src\Illuminate\Database\Query\Builder.php(1377): Illuminate\Database\Connection->select('select max(`bat...', Array, true)
#5 C:\xampp\htdocs\lublog\vendor\laravel\framework\src\Illuminate\Database\Query\Builder.php(1367): Illuminate\Database\Query\Builder->runSelect()
#6 C:\xampp\htdocs\lublog\vendor\laravel\framework\src\Illuminate\Database\Query\Builder.php(1354): Illuminate\Database\Query\Builder->getFresh(Array)
#7 C:\xampp\htdocs\lublog\vendor\laravel\framework\src\Illuminate\Database\Query\Builder.php(1636): Illuminate\Database\Query\Builder->get(Array)
#8 C:\xampp\htdocs\lublog\vendor\laravel\framework\src\Illuminate\Database\Query\Builder.php(1596): Illuminate\Database\Query\Builder->aggregate('max', Array)
#9 C:\xampp\htdocs\lublog\vendor\laravel\framework\src\Illuminate\Database\Migrations\DatabaseMigrationRepository.php(105): Illuminate\Database\Query\Builder->max('batch')
#10 C:\xampp\htdocs\lublog\vendor\laravel\framework\src\Illuminate\Database\Migrations\DatabaseMigrationRepository.php(58): Illuminate\Database\Migrations\DatabaseMigrationRepository->getLastBatchNumber()
#11 C:\xampp\htdocs\lublog\vendor\laravel\framework\src\Illuminate\Database\Migrations\Migrator.php(158): Illuminate\Database\Migrations\DatabaseMigrationRepository->getLast()
#12 C:\xampp\htdocs\lublog\vendor\laravel\framework\src\Illuminate\Database\Console\Migrations\ResetCommand.php(61): Illuminate\Database\Migrations\Migrator->rollback(false)
#13 [internal function]: Illuminate\Database\Console\Migrations\ResetCommand->fire()
#14 C:\xampp\htdocs\lublog\vendor\laravel\framework\src\Illuminate\Container\Container.php(523): call_user_func_array(Array, Array)
#15 C:\xampp\htdocs\lublog\vendor\laravel\framework\src\Illuminate\Console\Command.php(115): Illuminate\Container\Container->call(Array)
#16 C:\xampp\htdocs\lublog\vendor\symfony\console\Symfony\Component\Console\Command\Command.php(253): Illuminate\Console\Command->execute(Object(Symfony\Component\Console\Input\ArrayInput), Object(Symfony\Component\Console\Output\ConsoleOutput))
#17 C:\xampp\htdocs\lublog\vendor\laravel\framework\src\Illuminate\Console\Command.php(101): Symfony\Component\Console\Command\Command->run(Object(Symfony\Component\Console\Input\ArrayInput), Object(Symfony\Component\Console\Output\ConsoleOutput))
#18 C:\xampp\htdocs\lublog\vendor\laravel\framework\src\Illuminate\Console\Command.php(131): Illuminate\Console\Command->run(Object(Symfony\Component\Console\Input\ArrayInput), Object(Symfony\Component\Console\Output\ConsoleOutput))
#19 C:\xampp\htdocs\lublog\vendor\laravel\framework\src\Illuminate\Database\Console\Migrations\RefreshCommand.php(40): Illuminate\Console\Command->call('migrate:reset', Array)
#20 [internal function]: Illuminate\Database\Console\Migrations\RefreshCommand->fire()
#21 C:\xampp\htdocs\lublog\vendor\laravel\framework\src\Illuminate\Container\Container.php(523): call_user_func_array(Array, Array)
#22 C:\xampp\htdocs\lublog\vendor\laravel\framework\src\Illuminate\Console\Command.php(115): Illuminate\Container\Container->call(Array)
#23 C:\xampp\htdocs\lublog\vendor\symfony\console\Symfony\Component\Console\Command\Command.php(253): Illuminate\Console\Command->execute(Object(Symfony\Component\Console\Input\ArgvInput), Object(Symfony\Component\Console\Output\ConsoleOutput))
#24 C:\xampp\htdocs\lublog\vendor\laravel\framework\src\Illuminate\Console\Command.php(101): Symfony\Component\Console\Command\Command->run(Object(Symfony\Component\Console\Input\ArgvInput), Object(Symfony\Component\Console\Output\ConsoleOutput))
#25 C:\xampp\htdocs\lublog\vendor\symfony\console\Symfony\Component\Console\Application.php(874): Illuminate\Console\Command->run(Object(Symfony\Component\Console\Input\ArgvInput), Object(Symfony\Component\Console\Output\ConsoleOutput))
#26 C:\xampp\htdocs\lublog\vendor\symfony\console\Symfony\Component\Console\Application.php(195): Symfony\Component\Console\Application->doRunCommand(Object(Illuminate\Database\Console\Migrations\RefreshCommand), Object(Symfony\Component\Console\Input\ArgvInput), Object(Symfony\Component\Console\Output\ConsoleOutput))
#27 C:\xampp\htdocs\lublog\vendor\symfony\console\Symfony\Component\Console\Application.php(126): Symfony\Component\Console\Application->doRun(Object(Symfony\Component\Console\Input\ArgvInput), Object(Symfony\Component\Console\Output\ConsoleOutput))
#28 C:\xampp\htdocs\lublog\vendor\laravel\framework\src\Illuminate\Foundation\Console\Kernel.php(90): Symfony\Component\Console\Application->run(Object(Symfony\Component\Console\Input\ArgvInput), Object(Symfony\Component\Console\Output\ConsoleOutput))
#29 C:\xampp\htdocs\lublog\artisan(36): Illuminate\Foundation\Console\Kernel->handle(Object(Symfony\Component\Console\Input\ArgvInput), Object(Symfony\Component\Console\Output\ConsoleOutput))
#30 {main}

Next exception 'Illuminate\Database\QueryException' with message 'SQLSTATE[42S02]: Base table or view not found: 1146 Table 'lublog.migrations' doesn't exist (SQL: select max(`batch`) as aggregate from `migrations`)' in C:\xampp\htdocs\lublog\vendor\laravel\framework\src\Illuminate\Database\Connection.php:620
Stack trace:
#0 C:\xampp\htdocs\lublog\vendor\laravel\framework\src\Illuminate\Database\Connection.php(576): Illuminate\Database\Connection->runQueryCallback('select max(`bat...', Array, Object(Closure))
#1 C:\xampp\htdocs\lublog\vendor\laravel\framework\src\Illuminate\Database\Connection.php(293): Illuminate\Database\Connection->run('select max(`bat...', Array, Object(Closure))
#2 C:\xampp\htdocs\lublog\vendor\laravel\framework\src\Illuminate\Database\Query\Builder.php(1377): Illuminate\Database\Connection->select('select max(`bat...', Array, true)
#3 C:\xampp\htdocs\lublog\vendor\laravel\framework\src\Illuminate\Database\Query\Builder.php(1367): Illuminate\Database\Query\Builder->runSelect()
#4 C:\xampp\htdocs\lublog\vendor\laravel\framework\src\Illuminate\Database\Query\Builder.php(1354): Illuminate\Database\Query\Builder->getFresh(Array)
#5 C:\xampp\htdocs\lublog\vendor\laravel\framework\src\Illuminate\Database\Query\Builder.php(1636): Illuminate\Database\Query\Builder->get(Array)
#6 C:\xampp\htdocs\lublog\vendor\laravel\framework\src\Illuminate\Database\Query\Builder.php(1596): Illuminate\Database\Query\Builder->aggregate('max', Array)
#7 C:\xampp\htdocs\lublog\vendor\laravel\framework\src\Illuminate\Database\Migrations\DatabaseMigrationRepository.php(105): Illuminate\Database\Query\Builder->max('batch')
#8 C:\xampp\htdocs\lublog\vendor\laravel\framework\src\Illuminate\Database\Migrations\DatabaseMigrationRepository.php(58): Illuminate\Database\Migrations\DatabaseMigrationRepository->getLastBatchNumber()
#9 C:\xampp\htdocs\lublog\vendor\laravel\framework\src\Illuminate\Database\Migrations\Migrator.php(158): Illuminate\Database\Migrations\DatabaseMigrationRepository->getLast()
#10 C:\xampp\htdocs\lublog\vendor\laravel\framework\src\Illuminate\Database\Console\Migrations\ResetCommand.php(61): Illuminate\Database\Migrations\Migrator->rollback(false)
#11 [internal function]: Illuminate\Database\Console\Migrations\ResetCommand->fire()
#12 C:\xampp\htdocs\lublog\vendor\laravel\framework\src\Illuminate\Container\Container.php(523): call_user_func_array(Array, Array)
#13 C:\xampp\htdocs\lublog\vendor\laravel\framework\src\Illuminate\Console\Command.php(115): Illuminate\Container\Container->call(Array)
#14 C:\xampp\htdocs\lublog\vendor\symfony\console\Symfony\Component\Console\Command\Command.php(253): Illuminate\Console\Command->execute(Object(Symfony\Component\Console\Input\ArrayInput), Object(Symfony\Component\Console\Output\ConsoleOutput))
#15 C:\xampp\htdocs\lublog\vendor\laravel\framework\src\Illuminate\Console\Command.php(101): Symfony\Component\Console\Command\Command->run(Object(Symfony\Component\Console\Input\ArrayInput), Object(Symfony\Component\Console\Output\ConsoleOutput))
#16 C:\xampp\htdocs\lublog\vendor\laravel\framework\src\Illuminate\Console\Command.php(131): Illuminate\Console\Command->run(Object(Symfony\Component\Console\Input\ArrayInput), Object(Symfony\Component\Console\Output\ConsoleOutput))
#17 C:\xampp\htdocs\lublog\vendor\laravel\framework\src\Illuminate\Database\Console\Migrations\RefreshCommand.php(40): Illuminate\Console\Command->call('migrate:reset', Array)
#18 [internal function]: Illuminate\Database\Console\Migrations\RefreshCommand->fire()
#19 C:\xampp\htdocs\lublog\vendor\laravel\framework\src\Illuminate\Container\Container.php(523): call_user_func_array(Array, Array)
#20 C:\xampp\htdocs\lublog\vendor\laravel\framework\src\Illuminate\Console\Command.php(115): Illuminate\Container\Container->call(Array)
#21 C:\xampp\htdocs\lublog\vendor\symfony\console\Symfony\Component\Console\Command\Command.php(253): Illuminate\Console\Command->execute(Object(Symfony\Component\Console\Input\ArgvInput), Object(Symfony\Component\Console\Output\ConsoleOutput))
#22 C:\xampp\htdocs\lublog\vendor\laravel\framework\src\Illuminate\Console\Command.php(101): Symfony\Component\Console\Command\Command->run(Object(Symfony\Component\Console\Input\ArgvInput), Object(Symfony\Component\Console\Output\ConsoleOutput))
#23 C:\xampp\htdocs\lublog\vendor\symfony\console\Symfony\Component\Console\Application.php(874): Illuminate\Console\Command->run(Object(Symfony\Component\Console\Input\ArgvInput), Object(Symfony\Component\Console\Output\ConsoleOutput))
#24 C:\xampp\htdocs\lublog\vendor\symfony\console\Symfony\Component\Console\Application.php(195): Symfony\Component\Console\Application->doRunCommand(Object(Illuminate\Database\Console\Migrations\RefreshCommand), Object(Symfony\Component\Console\Input\ArgvInput), Object(Symfony\Component\Console\Output\ConsoleOutput))
#25 C:\xampp\htdocs\lublog\vendor\symfony\console\Symfony\Component\Console\Application.php(126): Symfony\Component\Console\Application->doRun(Object(Symfony\Component\Console\Input\ArgvInput), Object(Symfony\Component\Console\Output\ConsoleOutput))
#26 C:\xampp\htdocs\lublog\vendor\laravel\framework\src\Illuminate\Foundation\Console\Kernel.php(90): Symfony\Component\Console\Application->run(Object(Symfony\Component\Console\Input\ArgvInput), Object(Symfony\Component\Console\Output\ConsoleOutput))
#27 C:\xampp\htdocs\lublog\artisan(36): Illuminate\Foundation\Console\Kernel->handle(Object(Symfony\Component\Console\Input\ArgvInput), Object(Symfony\Component\Console\Output\ConsoleOutput))
#28 {main}  
[2015-10-01 06:07:25] local.ERROR: exception 'PDOException' with message 'SQLSTATE[42S02]: Base table or view not found: 1146 Table 'lublog.migrations' doesn't exist' in C:\xampp\htdocs\lublog\vendor\laravel\framework\src\Illuminate\Database\Connection.php:288
Stack trace:
#0 C:\xampp\htdocs\lublog\vendor\laravel\framework\src\Illuminate\Database\Connection.php(288): PDO->prepare('select max(`bat...')
#1 C:\xampp\htdocs\lublog\vendor\laravel\framework\src\Illuminate\Database\Connection.php(612): Illuminate\Database\Connection->Illuminate\Database\{closure}(Object(Illuminate\Database\MySqlConnection), 'select max(`bat...', Array)
#2 C:\xampp\htdocs\lublog\vendor\laravel\framework\src\Illuminate\Database\Connection.php(576): Illuminate\Database\Connection->runQueryCallback('select max(`bat...', Array, Object(Closure))
#3 C:\xampp\htdocs\lublog\vendor\laravel\framework\src\Illuminate\Database\Connection.php(293): Illuminate\Database\Connection->run('select max(`bat...', Array, Object(Closure))
#4 C:\xampp\htdocs\lublog\vendor\laravel\framework\src\Illuminate\Database\Query\Builder.php(1377): Illuminate\Database\Connection->select('select max(`bat...', Array, true)
#5 C:\xampp\htdocs\lublog\vendor\laravel\framework\src\Illuminate\Database\Query\Builder.php(1367): Illuminate\Database\Query\Builder->runSelect()
#6 C:\xampp\htdocs\lublog\vendor\laravel\framework\src\Illuminate\Database\Query\Builder.php(1354): Illuminate\Database\Query\Builder->getFresh(Array)
#7 C:\xampp\htdocs\lublog\vendor\laravel\framework\src\Illuminate\Database\Query\Builder.php(1636): Illuminate\Database\Query\Builder->get(Array)
#8 C:\xampp\htdocs\lublog\vendor\laravel\framework\src\Illuminate\Database\Query\Builder.php(1596): Illuminate\Database\Query\Builder->aggregate('max', Array)
#9 C:\xampp\htdocs\lublog\vendor\laravel\framework\src\Illuminate\Database\Migrations\DatabaseMigrationRepository.php(105): Illuminate\Database\Query\Builder->max('batch')
#10 C:\xampp\htdocs\lublog\vendor\laravel\framework\src\Illuminate\Database\Migrations\DatabaseMigrationRepository.php(58): Illuminate\Database\Migrations\DatabaseMigrationRepository->getLastBatchNumber()
#11 C:\xampp\htdocs\lublog\vendor\laravel\framework\src\Illuminate\Database\Migrations\Migrator.php(158): Illuminate\Database\Migrations\DatabaseMigrationRepository->getLast()
#12 C:\xampp\htdocs\lublog\vendor\laravel\framework\src\Illuminate\Database\Console\Migrations\ResetCommand.php(61): Illuminate\Database\Migrations\Migrator->rollback(false)
#13 [internal function]: Illuminate\Database\Console\Migrations\ResetCommand->fire()
#14 C:\xampp\htdocs\lublog\vendor\laravel\framework\src\Illuminate\Container\Container.php(523): call_user_func_array(Array, Array)
#15 C:\xampp\htdocs\lublog\vendor\laravel\framework\src\Illuminate\Console\Command.php(115): Illuminate\Container\Container->call(Array)
#16 C:\xampp\htdocs\lublog\vendor\symfony\console\Symfony\Component\Console\Command\Command.php(253): Illuminate\Console\Command->execute(Object(Symfony\Component\Console\Input\ArrayInput), Object(Symfony\Component\Console\Output\ConsoleOutput))
#17 C:\xampp\htdocs\lublog\vendor\laravel\framework\src\Illuminate\Console\Command.php(101): Symfony\Component\Console\Command\Command->run(Object(Symfony\Component\Console\Input\ArrayInput), Object(Symfony\Component\Console\Output\ConsoleOutput))
#18 C:\xampp\htdocs\lublog\vendor\laravel\framework\src\Illuminate\Console\Command.php(131): Illuminate\Console\Command->run(Object(Symfony\Component\Console\Input\ArrayInput), Object(Symfony\Component\Console\Output\ConsoleOutput))
#19 C:\xampp\htdocs\lublog\vendor\laravel\framework\src\Illuminate\Database\Console\Migrations\RefreshCommand.php(40): Illuminate\Console\Command->call('migrate:reset', Array)
#20 [internal function]: Illuminate\Database\Console\Migrations\RefreshCommand->fire()
#21 C:\xampp\htdocs\lublog\vendor\laravel\framework\src\Illuminate\Container\Container.php(523): call_user_func_array(Array, Array)
#22 C:\xampp\htdocs\lublog\vendor\laravel\framework\src\Illuminate\Console\Command.php(115): Illuminate\Container\Container->call(Array)
#23 C:\xampp\htdocs\lublog\vendor\symfony\console\Symfony\Component\Console\Command\Command.php(253): Illuminate\Console\Command->execute(Object(Symfony\Component\Console\Input\ArgvInput), Object(Symfony\Component\Console\Output\ConsoleOutput))
#24 C:\xampp\htdocs\lublog\vendor\laravel\framework\src\Illuminate\Console\Command.php(101): Symfony\Component\Console\Command\Command->run(Object(Symfony\Component\Console\Input\ArgvInput), Object(Symfony\Component\Console\Output\ConsoleOutput))
#25 C:\xampp\htdocs\lublog\vendor\symfony\console\Symfony\Component\Console\Application.php(874): Illuminate\Console\Command->run(Object(Symfony\Component\Console\Input\ArgvInput), Object(Symfony\Component\Console\Output\ConsoleOutput))
#26 C:\xampp\htdocs\lublog\vendor\symfony\console\Symfony\Component\Console\Application.php(195): Symfony\Component\Console\Application->doRunCommand(Object(Illuminate\Database\Console\Migrations\RefreshCommand), Object(Symfony\Component\Console\Input\ArgvInput), Object(Symfony\Component\Console\Output\ConsoleOutput))
#27 C:\xampp\htdocs\lublog\vendor\symfony\console\Symfony\Component\Console\Application.php(126): Symfony\Component\Console\Application->doRun(Object(Symfony\Component\Console\Input\ArgvInput), Object(Symfony\Component\Console\Output\ConsoleOutput))
#28 C:\xampp\htdocs\lublog\vendor\laravel\framework\src\Illuminate\Foundation\Console\Kernel.php(90): Symfony\Component\Console\Application->run(Object(Symfony\Component\Console\Input\ArgvInput), Object(Symfony\Component\Console\Output\ConsoleOutput))
#29 C:\xampp\htdocs\lublog\artisan(36): Illuminate\Foundation\Console\Kernel->handle(Object(Symfony\Component\Console\Input\ArgvInput), Object(Symfony\Component\Console\Output\ConsoleOutput))
#30 {main}

Next exception 'Illuminate\Database\QueryException' with message 'SQLSTATE[42S02]: Base table or view not found: 1146 Table 'lublog.migrations' doesn't exist (SQL: select max(`batch`) as aggregate from `migrations`)' in C:\xampp\htdocs\lublog\vendor\laravel\framework\src\Illuminate\Database\Connection.php:620
Stack trace:
#0 C:\xampp\htdocs\lublog\vendor\laravel\framework\src\Illuminate\Database\Connection.php(576): Illuminate\Database\Connection->runQueryCallback('select max(`bat...', Array, Object(Closure))
#1 C:\xampp\htdocs\lublog\vendor\laravel\framework\src\Illuminate\Database\Connection.php(293): Illuminate\Database\Connection->run('select max(`bat...', Array, Object(Closure))
#2 C:\xampp\htdocs\lublog\vendor\laravel\framework\src\Illuminate\Database\Query\Builder.php(1377): Illuminate\Database\Connection->select('select max(`bat...', Array, true)
#3 C:\xampp\htdocs\lublog\vendor\laravel\framework\src\Illuminate\Database\Query\Builder.php(1367): Illuminate\Database\Query\Builder->runSelect()
#4 C:\xampp\htdocs\lublog\vendor\laravel\framework\src\Illuminate\Database\Query\Builder.php(1354): Illuminate\Database\Query\Builder->getFresh(Array)
#5 C:\xampp\htdocs\lublog\vendor\laravel\framework\src\Illuminate\Database\Query\Builder.php(1636): Illuminate\Database\Query\Builder->get(Array)
#6 C:\xampp\htdocs\lublog\vendor\laravel\framework\src\Illuminate\Database\Query\Builder.php(1596): Illuminate\Database\Query\Builder->aggregate('max', Array)
#7 C:\xampp\htdocs\lublog\vendor\laravel\framework\src\Illuminate\Database\Migrations\DatabaseMigrationRepository.php(105): Illuminate\Database\Query\Builder->max('batch')
#8 C:\xampp\htdocs\lublog\vendor\laravel\framework\src\Illuminate\Database\Migrations\DatabaseMigrationRepository.php(58): Illuminate\Database\Migrations\DatabaseMigrationRepository->getLastBatchNumber()
#9 C:\xampp\htdocs\lublog\vendor\laravel\framework\src\Illuminate\Database\Migrations\Migrator.php(158): Illuminate\Database\Migrations\DatabaseMigrationRepository->getLast()
#10 C:\xampp\htdocs\lublog\vendor\laravel\framework\src\Illuminate\Database\Console\Migrations\ResetCommand.php(61): Illuminate\Database\Migrations\Migrator->rollback(false)
#11 [internal function]: Illuminate\Database\Console\Migrations\ResetCommand->fire()
#12 C:\xampp\htdocs\lublog\vendor\laravel\framework\src\Illuminate\Container\Container.php(523): call_user_func_array(Array, Array)
#13 C:\xampp\htdocs\lublog\vendor\laravel\framework\src\Illuminate\Console\Command.php(115): Illuminate\Container\Container->call(Array)
#14 C:\xampp\htdocs\lublog\vendor\symfony\console\Symfony\Component\Console\Command\Command.php(253): Illuminate\Console\Command->execute(Object(Symfony\Component\Console\Input\ArrayInput), Object(Symfony\Component\Console\Output\ConsoleOutput))
#15 C:\xampp\htdocs\lublog\vendor\laravel\framework\src\Illuminate\Console\Command.php(101): Symfony\Component\Console\Command\Command->run(Object(Symfony\Component\Console\Input\ArrayInput), Object(Symfony\Component\Console\Output\ConsoleOutput))
#16 C:\xampp\htdocs\lublog\vendor\laravel\framework\src\Illuminate\Console\Command.php(131): Illuminate\Console\Command->run(Object(Symfony\Component\Console\Input\ArrayInput), Object(Symfony\Component\Console\Output\ConsoleOutput))
#17 C:\xampp\htdocs\lublog\vendor\laravel\framework\src\Illuminate\Database\Console\Migrations\RefreshCommand.php(40): Illuminate\Console\Command->call('migrate:reset', Array)
#18 [internal function]: Illuminate\Database\Console\Migrations\RefreshCommand->fire()
#19 C:\xampp\htdocs\lublog\vendor\laravel\framework\src\Illuminate\Container\Container.php(523): call_user_func_array(Array, Array)
#20 C:\xampp\htdocs\lublog\vendor\laravel\framework\src\Illuminate\Console\Command.php(115): Illuminate\Container\Container->call(Array)
#21 C:\xampp\htdocs\lublog\vendor\symfony\console\Symfony\Component\Console\Command\Command.php(253): Illuminate\Console\Command->execute(Object(Symfony\Component\Console\Input\ArgvInput), Object(Symfony\Component\Console\Output\ConsoleOutput))
#22 C:\xampp\htdocs\lublog\vendor\laravel\framework\src\Illuminate\Console\Command.php(101): Symfony\Component\Console\Command\Command->run(Object(Symfony\Component\Console\Input\ArgvInput), Object(Symfony\Component\Console\Output\ConsoleOutput))
#23 C:\xampp\htdocs\lublog\vendor\symfony\console\Symfony\Component\Console\Application.php(874): Illuminate\Console\Command->run(Object(Symfony\Component\Console\Input\ArgvInput), Object(Symfony\Component\Console\Output\ConsoleOutput))
#24 C:\xampp\htdocs\lublog\vendor\symfony\console\Symfony\Component\Console\Application.php(195): Symfony\Component\Console\Application->doRunCommand(Object(Illuminate\Database\Console\Migrations\RefreshCommand), Object(Symfony\Component\Console\Input\ArgvInput), Object(Symfony\Component\Console\Output\ConsoleOutput))
#25 C:\xampp\htdocs\lublog\vendor\symfony\console\Symfony\Component\Console\Application.php(126): Symfony\Component\Console\Application->doRun(Object(Symfony\Component\Console\Input\ArgvInput), Object(Symfony\Component\Console\Output\ConsoleOutput))
#26 C:\xampp\htdocs\lublog\vendor\laravel\framework\src\Illuminate\Foundation\Console\Kernel.php(90): Symfony\Component\Console\Application->run(Object(Symfony\Component\Console\Input\ArgvInput), Object(Symfony\Component\Console\Output\ConsoleOutput))
#27 C:\xampp\htdocs\lublog\artisan(36): Illuminate\Foundation\Console\Kernel->handle(Object(Symfony\Component\Console\Input\ArgvInput), Object(Symfony\Component\Console\Output\ConsoleOutput))
#28 {main}  
[2015-10-01 06:09:28] local.ERROR: exception 'PDOException' with message 'SQLSTATE[42S02]: Base table or view not found: 1146 Table 'lublog.migrations' doesn't exist' in C:\xampp\htdocs\lublog\vendor\laravel\framework\src\Illuminate\Database\Connection.php:288
Stack trace:
#0 C:\xampp\htdocs\lublog\vendor\laravel\framework\src\Illuminate\Database\Connection.php(288): PDO->prepare('select max(`bat...')
#1 C:\xampp\htdocs\lublog\vendor\laravel\framework\src\Illuminate\Database\Connection.php(612): Illuminate\Database\Connection->Illuminate\Database\{closure}(Object(Illuminate\Database\MySqlConnection), 'select max(`bat...', Array)
#2 C:\xampp\htdocs\lublog\vendor\laravel\framework\src\Illuminate\Database\Connection.php(576): Illuminate\Database\Connection->runQueryCallback('select max(`bat...', Array, Object(Closure))
#3 C:\xampp\htdocs\lublog\vendor\laravel\framework\src\Illuminate\Database\Connection.php(293): Illuminate\Database\Connection->run('select max(`bat...', Array, Object(Closure))
#4 C:\xampp\htdocs\lublog\vendor\laravel\framework\src\Illuminate\Database\Query\Builder.php(1377): Illuminate\Database\Connection->select('select max(`bat...', Array, true)
#5 C:\xampp\htdocs\lublog\vendor\laravel\framework\src\Illuminate\Database\Query\Builder.php(1367): Illuminate\Database\Query\Builder->runSelect()
#6 C:\xampp\htdocs\lublog\vendor\laravel\framework\src\Illuminate\Database\Query\Builder.php(1354): Illuminate\Database\Query\Builder->getFresh(Array)
#7 C:\xampp\htdocs\lublog\vendor\laravel\framework\src\Illuminate\Database\Query\Builder.php(1636): Illuminate\Database\Query\Builder->get(Array)
#8 C:\xampp\htdocs\lublog\vendor\laravel\framework\src\Illuminate\Database\Query\Builder.php(1596): Illuminate\Database\Query\Builder->aggregate('max', Array)
#9 C:\xampp\htdocs\lublog\vendor\laravel\framework\src\Illuminate\Database\Migrations\DatabaseMigrationRepository.php(105): Illuminate\Database\Query\Builder->max('batch')
#10 C:\xampp\htdocs\lublog\vendor\laravel\framework\src\Illuminate\Database\Migrations\DatabaseMigrationRepository.php(58): Illuminate\Database\Migrations\DatabaseMigrationRepository->getLastBatchNumber()
#11 C:\xampp\htdocs\lublog\vendor\laravel\framework\src\Illuminate\Database\Migrations\Migrator.php(158): Illuminate\Database\Migrations\DatabaseMigrationRepository->getLast()
#12 C:\xampp\htdocs\lublog\vendor\laravel\framework\src\Illuminate\Database\Console\Migrations\ResetCommand.php(61): Illuminate\Database\Migrations\Migrator->rollback(false)
#13 [internal function]: Illuminate\Database\Console\Migrations\ResetCommand->fire()
#14 C:\xampp\htdocs\lublog\vendor\laravel\framework\src\Illuminate\Container\Container.php(523): call_user_func_array(Array, Array)
#15 C:\xampp\htdocs\lublog\vendor\laravel\framework\src\Illuminate\Console\Command.php(115): Illuminate\Container\Container->call(Array)
#16 C:\xampp\htdocs\lublog\vendor\symfony\console\Symfony\Component\Console\Command\Command.php(253): Illuminate\Console\Command->execute(Object(Symfony\Component\Console\Input\ArrayInput), Object(Symfony\Component\Console\Output\ConsoleOutput))
#17 C:\xampp\htdocs\lublog\vendor\laravel\framework\src\Illuminate\Console\Command.php(101): Symfony\Component\Console\Command\Command->run(Object(Symfony\Component\Console\Input\ArrayInput), Object(Symfony\Component\Console\Output\ConsoleOutput))
#18 C:\xampp\htdocs\lublog\vendor\laravel\framework\src\Illuminate\Console\Command.php(131): Illuminate\Console\Command->run(Object(Symfony\Component\Console\Input\ArrayInput), Object(Symfony\Component\Console\Output\ConsoleOutput))
#19 C:\xampp\htdocs\lublog\vendor\laravel\framework\src\Illuminate\Database\Console\Migrations\RefreshCommand.php(40): Illuminate\Console\Command->call('migrate:reset', Array)
#20 [internal function]: Illuminate\Database\Console\Migrations\RefreshCommand->fire()
#21 C:\xampp\htdocs\lublog\vendor\laravel\framework\src\Illuminate\Container\Container.php(523): call_user_func_array(Array, Array)
#22 C:\xampp\htdocs\lublog\vendor\laravel\framework\src\Illuminate\Console\Command.php(115): Illuminate\Container\Container->call(Array)
#23 C:\xampp\htdocs\lublog\vendor\symfony\console\Symfony\Component\Console\Command\Command.php(253): Illuminate\Console\Command->execute(Object(Symfony\Component\Console\Input\ArgvInput), Object(Symfony\Component\Console\Output\ConsoleOutput))
#24 C:\xampp\htdocs\lublog\vendor\laravel\framework\src\Illuminate\Console\Command.php(101): Symfony\Component\Console\Command\Command->run(Object(Symfony\Component\Console\Input\ArgvInput), Object(Symfony\Component\Console\Output\ConsoleOutput))
#25 C:\xampp\htdocs\lublog\vendor\symfony\console\Symfony\Component\Console\Application.php(874): Illuminate\Console\Command->run(Object(Symfony\Component\Console\Input\ArgvInput), Object(Symfony\Component\Console\Output\ConsoleOutput))
#26 C:\xampp\htdocs\lublog\vendor\symfony\console\Symfony\Component\Console\Application.php(195): Symfony\Component\Console\Application->doRunCommand(Object(Illuminate\Database\Console\Migrations\RefreshCommand), Object(Symfony\Component\Console\Input\ArgvInput), Object(Symfony\Component\Console\Output\ConsoleOutput))
#27 C:\xampp\htdocs\lublog\vendor\symfony\console\Symfony\Component\Console\Application.php(126): Symfony\Component\Console\Application->doRun(Object(Symfony\Component\Console\Input\ArgvInput), Object(Symfony\Component\Console\Output\ConsoleOutput))
#28 C:\xampp\htdocs\lublog\vendor\laravel\framework\src\Illuminate\Foundation\Console\Kernel.php(90): Symfony\Component\Console\Application->run(Object(Symfony\Component\Console\Input\ArgvInput), Object(Symfony\Component\Console\Output\ConsoleOutput))
#29 C:\xampp\htdocs\lublog\artisan(36): Illuminate\Foundation\Console\Kernel->handle(Object(Symfony\Component\Console\Input\ArgvInput), Object(Symfony\Component\Console\Output\ConsoleOutput))
#30 {main}

Next exception 'Illuminate\Database\QueryException' with message 'SQLSTATE[42S02]: Base table or view not found: 1146 Table 'lublog.migrations' doesn't exist (SQL: select max(`batch`) as aggregate from `migrations`)' in C:\xampp\htdocs\lublog\vendor\laravel\framework\src\Illuminate\Database\Connection.php:620
Stack trace:
#0 C:\xampp\htdocs\lublog\vendor\laravel\framework\src\Illuminate\Database\Connection.php(576): Illuminate\Database\Connection->runQueryCallback('select max(`bat...', Array, Object(Closure))
#1 C:\xampp\htdocs\lublog\vendor\laravel\framework\src\Illuminate\Database\Connection.php(293): Illuminate\Database\Connection->run('select max(`bat...', Array, Object(Closure))
#2 C:\xampp\htdocs\lublog\vendor\laravel\framework\src\Illuminate\Database\Query\Builder.php(1377): Illuminate\Database\Connection->select('select max(`bat...', Array, true)
#3 C:\xampp\htdocs\lublog\vendor\laravel\framework\src\Illuminate\Database\Query\Builder.php(1367): Illuminate\Database\Query\Builder->runSelect()
#4 C:\xampp\htdocs\lublog\vendor\laravel\framework\src\Illuminate\Database\Query\Builder.php(1354): Illuminate\Database\Query\Builder->getFresh(Array)
#5 C:\xampp\htdocs\lublog\vendor\laravel\framework\src\Illuminate\Database\Query\Builder.php(1636): Illuminate\Database\Query\Builder->get(Array)
#6 C:\xampp\htdocs\lublog\vendor\laravel\framework\src\Illuminate\Database\Query\Builder.php(1596): Illuminate\Database\Query\Builder->aggregate('max', Array)
#7 C:\xampp\htdocs\lublog\vendor\laravel\framework\src\Illuminate\Database\Migrations\DatabaseMigrationRepository.php(105): Illuminate\Database\Query\Builder->max('batch')
#8 C:\xampp\htdocs\lublog\vendor\laravel\framework\src\Illuminate\Database\Migrations\DatabaseMigrationRepository.php(58): Illuminate\Database\Migrations\DatabaseMigrationRepository->getLastBatchNumber()
#9 C:\xampp\htdocs\lublog\vendor\laravel\framework\src\Illuminate\Database\Migrations\Migrator.php(158): Illuminate\Database\Migrations\DatabaseMigrationRepository->getLast()
#10 C:\xampp\htdocs\lublog\vendor\laravel\framework\src\Illuminate\Database\Console\Migrations\ResetCommand.php(61): Illuminate\Database\Migrations\Migrator->rollback(false)
#11 [internal function]: Illuminate\Database\Console\Migrations\ResetCommand->fire()
#12 C:\xampp\htdocs\lublog\vendor\laravel\framework\src\Illuminate\Container\Container.php(523): call_user_func_array(Array, Array)
#13 C:\xampp\htdocs\lublog\vendor\laravel\framework\src\Illuminate\Console\Command.php(115): Illuminate\Container\Container->call(Array)
#14 C:\xampp\htdocs\lublog\vendor\symfony\console\Symfony\Component\Console\Command\Command.php(253): Illuminate\Console\Command->execute(Object(Symfony\Component\Console\Input\ArrayInput), Object(Symfony\Component\Console\Output\ConsoleOutput))
#15 C:\xampp\htdocs\lublog\vendor\laravel\framework\src\Illuminate\Console\Command.php(101): Symfony\Component\Console\Command\Command->run(Object(Symfony\Component\Console\Input\ArrayInput), Object(Symfony\Component\Console\Output\ConsoleOutput))
#16 C:\xampp\htdocs\lublog\vendor\laravel\framework\src\Illuminate\Console\Command.php(131): Illuminate\Console\Command->run(Object(Symfony\Component\Console\Input\ArrayInput), Object(Symfony\Component\Console\Output\ConsoleOutput))
#17 C:\xampp\htdocs\lublog\vendor\laravel\framework\src\Illuminate\Database\Console\Migrations\RefreshCommand.php(40): Illuminate\Console\Command->call('migrate:reset', Array)
#18 [internal function]: Illuminate\Database\Console\Migrations\RefreshCommand->fire()
#19 C:\xampp\htdocs\lublog\vendor\laravel\framework\src\Illuminate\Container\Container.php(523): call_user_func_array(Array, Array)
#20 C:\xampp\htdocs\lublog\vendor\laravel\framework\src\Illuminate\Console\Command.php(115): Illuminate\Container\Container->call(Array)
#21 C:\xampp\htdocs\lublog\vendor\symfony\console\Symfony\Component\Console\Command\Command.php(253): Illuminate\Console\Command->execute(Object(Symfony\Component\Console\Input\ArgvInput), Object(Symfony\Component\Console\Output\ConsoleOutput))
#22 C:\xampp\htdocs\lublog\vendor\laravel\framework\src\Illuminate\Console\Command.php(101): Symfony\Component\Console\Command\Command->run(Object(Symfony\Component\Console\Input\ArgvInput), Object(Symfony\Component\Console\Output\ConsoleOutput))
#23 C:\xampp\htdocs\lublog\vendor\symfony\console\Symfony\Component\Console\Application.php(874): Illuminate\Console\Command->run(Object(Symfony\Component\Console\Input\ArgvInput), Object(Symfony\Component\Console\Output\ConsoleOutput))
#24 C:\xampp\htdocs\lublog\vendor\symfony\console\Symfony\Component\Console\Application.php(195): Symfony\Component\Console\Application->doRunCommand(Object(Illuminate\Database\Console\Migrations\RefreshCommand), Object(Symfony\Component\Console\Input\ArgvInput), Object(Symfony\Component\Console\Output\ConsoleOutput))
#25 C:\xampp\htdocs\lublog\vendor\symfony\console\Symfony\Component\Console\Application.php(126): Symfony\Component\Console\Application->doRun(Object(Symfony\Component\Console\Input\ArgvInput), Object(Symfony\Component\Console\Output\ConsoleOutput))
#26 C:\xampp\htdocs\lublog\vendor\laravel\framework\src\Illuminate\Foundation\Console\Kernel.php(90): Symfony\Component\Console\Application->run(Object(Symfony\Component\Console\Input\ArgvInput), Object(Symfony\Component\Console\Output\ConsoleOutput))
#27 C:\xampp\htdocs\lublog\artisan(36): Illuminate\Foundation\Console\Kernel->handle(Object(Symfony\Component\Console\Input\ArgvInput), Object(Symfony\Component\Console\Output\ConsoleOutput))
#28 {main}  
[2015-10-01 06:10:06] local.ERROR: exception 'PDOException' with message 'SQLSTATE[42S02]: Base table or view not found: 1146 Table 'lublog.migrations' doesn't exist' in C:\xampp\htdocs\lublog\vendor\laravel\framework\src\Illuminate\Database\Connection.php:288
Stack trace:
#0 C:\xampp\htdocs\lublog\vendor\laravel\framework\src\Illuminate\Database\Connection.php(288): PDO->prepare('select max(`bat...')
#1 C:\xampp\htdocs\lublog\vendor\laravel\framework\src\Illuminate\Database\Connection.php(612): Illuminate\Database\Connection->Illuminate\Database\{closure}(Object(Illuminate\Database\MySqlConnection), 'select max(`bat...', Array)
#2 C:\xampp\htdocs\lublog\vendor\laravel\framework\src\Illuminate\Database\Connection.php(576): Illuminate\Database\Connection->runQueryCallback('select max(`bat...', Array, Object(Closure))
#3 C:\xampp\htdocs\lublog\vendor\laravel\framework\src\Illuminate\Database\Connection.php(293): Illuminate\Database\Connection->run('select max(`bat...', Array, Object(Closure))
#4 C:\xampp\htdocs\lublog\vendor\laravel\framework\src\Illuminate\Database\Query\Builder.php(1377): Illuminate\Database\Connection->select('select max(`bat...', Array, true)
#5 C:\xampp\htdocs\lublog\vendor\laravel\framework\src\Illuminate\Database\Query\Builder.php(1367): Illuminate\Database\Query\Builder->runSelect()
#6 C:\xampp\htdocs\lublog\vendor\laravel\framework\src\Illuminate\Database\Query\Builder.php(1354): Illuminate\Database\Query\Builder->getFresh(Array)
#7 C:\xampp\htdocs\lublog\vendor\laravel\framework\src\Illuminate\Database\Query\Builder.php(1636): Illuminate\Database\Query\Builder->get(Array)
#8 C:\xampp\htdocs\lublog\vendor\laravel\framework\src\Illuminate\Database\Query\Builder.php(1596): Illuminate\Database\Query\Builder->aggregate('max', Array)
#9 C:\xampp\htdocs\lublog\vendor\laravel\framework\src\Illuminate\Database\Migrations\DatabaseMigrationRepository.php(105): Illuminate\Database\Query\Builder->max('batch')
#10 C:\xampp\htdocs\lublog\vendor\laravel\framework\src\Illuminate\Database\Migrations\DatabaseMigrationRepository.php(58): Illuminate\Database\Migrations\DatabaseMigrationRepository->getLastBatchNumber()
#11 C:\xampp\htdocs\lublog\vendor\laravel\framework\src\Illuminate\Database\Migrations\Migrator.php(158): Illuminate\Database\Migrations\DatabaseMigrationRepository->getLast()
#12 C:\xampp\htdocs\lublog\vendor\laravel\framework\src\Illuminate\Database\Console\Migrations\ResetCommand.php(61): Illuminate\Database\Migrations\Migrator->rollback(false)
#13 [internal function]: Illuminate\Database\Console\Migrations\ResetCommand->fire()
#14 C:\xampp\htdocs\lublog\vendor\laravel\framework\src\Illuminate\Container\Container.php(523): call_user_func_array(Array, Array)
#15 C:\xampp\htdocs\lublog\vendor\laravel\framework\src\Illuminate\Console\Command.php(115): Illuminate\Container\Container->call(Array)
#16 C:\xampp\htdocs\lublog\vendor\symfony\console\Symfony\Component\Console\Command\Command.php(253): Illuminate\Console\Command->execute(Object(Symfony\Component\Console\Input\ArrayInput), Object(Symfony\Component\Console\Output\ConsoleOutput))
#17 C:\xampp\htdocs\lublog\vendor\laravel\framework\src\Illuminate\Console\Command.php(101): Symfony\Component\Console\Command\Command->run(Object(Symfony\Component\Console\Input\ArrayInput), Object(Symfony\Component\Console\Output\ConsoleOutput))
#18 C:\xampp\htdocs\lublog\vendor\laravel\framework\src\Illuminate\Console\Command.php(131): Illuminate\Console\Command->run(Object(Symfony\Component\Console\Input\ArrayInput), Object(Symfony\Component\Console\Output\ConsoleOutput))
#19 C:\xampp\htdocs\lublog\vendor\laravel\framework\src\Illuminate\Database\Console\Migrations\RefreshCommand.php(40): Illuminate\Console\Command->call('migrate:reset', Array)
#20 [internal function]: Illuminate\Database\Console\Migrations\RefreshCommand->fire()
#21 C:\xampp\htdocs\lublog\vendor\laravel\framework\src\Illuminate\Container\Container.php(523): call_user_func_array(Array, Array)
#22 C:\xampp\htdocs\lublog\vendor\laravel\framework\src\Illuminate\Console\Command.php(115): Illuminate\Container\Container->call(Array)
#23 C:\xampp\htdocs\lublog\vendor\symfony\console\Symfony\Component\Console\Command\Command.php(253): Illuminate\Console\Command->execute(Object(Symfony\Component\Console\Input\ArgvInput), Object(Symfony\Component\Console\Output\ConsoleOutput))
#24 C:\xampp\htdocs\lublog\vendor\laravel\framework\src\Illuminate\Console\Command.php(101): Symfony\Component\Console\Command\Command->run(Object(Symfony\Component\Console\Input\ArgvInput), Object(Symfony\Component\Console\Output\ConsoleOutput))
#25 C:\xampp\htdocs\lublog\vendor\symfony\console\Symfony\Component\Console\Application.php(874): Illuminate\Console\Command->run(Object(Symfony\Component\Console\Input\ArgvInput), Object(Symfony\Component\Console\Output\ConsoleOutput))
#26 C:\xampp\htdocs\lublog\vendor\symfony\console\Symfony\Component\Console\Application.php(195): Symfony\Component\Console\Application->doRunCommand(Object(Illuminate\Database\Console\Migrations\RefreshCommand), Object(Symfony\Component\Console\Input\ArgvInput), Object(Symfony\Component\Console\Output\ConsoleOutput))
#27 C:\xampp\htdocs\lublog\vendor\symfony\console\Symfony\Component\Console\Application.php(126): Symfony\Component\Console\Application->doRun(Object(Symfony\Component\Console\Input\ArgvInput), Object(Symfony\Component\Console\Output\ConsoleOutput))
#28 C:\xampp\htdocs\lublog\vendor\laravel\framework\src\Illuminate\Foundation\Console\Kernel.php(90): Symfony\Component\Console\Application->run(Object(Symfony\Component\Console\Input\ArgvInput), Object(Symfony\Component\Console\Output\ConsoleOutput))
#29 C:\xampp\htdocs\lublog\artisan(36): Illuminate\Foundation\Console\Kernel->handle(Object(Symfony\Component\Console\Input\ArgvInput), Object(Symfony\Component\Console\Output\ConsoleOutput))
#30 {main}

Next exception 'Illuminate\Database\QueryException' with message 'SQLSTATE[42S02]: Base table or view not found: 1146 Table 'lublog.migrations' doesn't exist (SQL: select max(`batch`) as aggregate from `migrations`)' in C:\xampp\htdocs\lublog\vendor\laravel\framework\src\Illuminate\Database\Connection.php:620
Stack trace:
#0 C:\xampp\htdocs\lublog\vendor\laravel\framework\src\Illuminate\Database\Connection.php(576): Illuminate\Database\Connection->runQueryCallback('select max(`bat...', Array, Object(Closure))
#1 C:\xampp\htdocs\lublog\vendor\laravel\framework\src\Illuminate\Database\Connection.php(293): Illuminate\Database\Connection->run('select max(`bat...', Array, Object(Closure))
#2 C:\xampp\htdocs\lublog\vendor\laravel\framework\src\Illuminate\Database\Query\Builder.php(1377): Illuminate\Database\Connection->select('select max(`bat...', Array, true)
#3 C:\xampp\htdocs\lublog\vendor\laravel\framework\src\Illuminate\Database\Query\Builder.php(1367): Illuminate\Database\Query\Builder->runSelect()
#4 C:\xampp\htdocs\lublog\vendor\laravel\framework\src\Illuminate\Database\Query\Builder.php(1354): Illuminate\Database\Query\Builder->getFresh(Array)
#5 C:\xampp\htdocs\lublog\vendor\laravel\framework\src\Illuminate\Database\Query\Builder.php(1636): Illuminate\Database\Query\Builder->get(Array)
#6 C:\xampp\htdocs\lublog\vendor\laravel\framework\src\Illuminate\Database\Query\Builder.php(1596): Illuminate\Database\Query\Builder->aggregate('max', Array)
#7 C:\xampp\htdocs\lublog\vendor\laravel\framework\src\Illuminate\Database\Migrations\DatabaseMigrationRepository.php(105): Illuminate\Database\Query\Builder->max('batch')
#8 C:\xampp\htdocs\lublog\vendor\laravel\framework\src\Illuminate\Database\Migrations\DatabaseMigrationRepository.php(58): Illuminate\Database\Migrations\DatabaseMigrationRepository->getLastBatchNumber()
#9 C:\xampp\htdocs\lublog\vendor\laravel\framework\src\Illuminate\Database\Migrations\Migrator.php(158): Illuminate\Database\Migrations\DatabaseMigrationRepository->getLast()
#10 C:\xampp\htdocs\lublog\vendor\laravel\framework\src\Illuminate\Database\Console\Migrations\ResetCommand.php(61): Illuminate\Database\Migrations\Migrator->rollback(false)
#11 [internal function]: Illuminate\Database\Console\Migrations\ResetCommand->fire()
#12 C:\xampp\htdocs\lublog\vendor\laravel\framework\src\Illuminate\Container\Container.php(523): call_user_func_array(Array, Array)
#13 C:\xampp\htdocs\lublog\vendor\laravel\framework\src\Illuminate\Console\Command.php(115): Illuminate\Container\Container->call(Array)
#14 C:\xampp\htdocs\lublog\vendor\symfony\console\Symfony\Component\Console\Command\Command.php(253): Illuminate\Console\Command->execute(Object(Symfony\Component\Console\Input\ArrayInput), Object(Symfony\Component\Console\Output\ConsoleOutput))
#15 C:\xampp\htdocs\lublog\vendor\laravel\framework\src\Illuminate\Console\Command.php(101): Symfony\Component\Console\Command\Command->run(Object(Symfony\Component\Console\Input\ArrayInput), Object(Symfony\Component\Console\Output\ConsoleOutput))
#16 C:\xampp\htdocs\lublog\vendor\laravel\framework\src\Illuminate\Console\Command.php(131): Illuminate\Console\Command->run(Object(Symfony\Component\Console\Input\ArrayInput), Object(Symfony\Component\Console\Output\ConsoleOutput))
#17 C:\xampp\htdocs\lublog\vendor\laravel\framework\src\Illuminate\Database\Console\Migrations\RefreshCommand.php(40): Illuminate\Console\Command->call('migrate:reset', Array)
#18 [internal function]: Illuminate\Database\Console\Migrations\RefreshCommand->fire()
#19 C:\xampp\htdocs\lublog\vendor\laravel\framework\src\Illuminate\Container\Container.php(523): call_user_func_array(Array, Array)
#20 C:\xampp\htdocs\lublog\vendor\laravel\framework\src\Illuminate\Console\Command.php(115): Illuminate\Container\Container->call(Array)
#21 C:\xampp\htdocs\lublog\vendor\symfony\console\Symfony\Component\Console\Command\Command.php(253): Illuminate\Console\Command->execute(Object(Symfony\Component\Console\Input\ArgvInput), Object(Symfony\Component\Console\Output\ConsoleOutput))
#22 C:\xampp\htdocs\lublog\vendor\laravel\framework\src\Illuminate\Console\Command.php(101): Symfony\Component\Console\Command\Command->run(Object(Symfony\Component\Console\Input\ArgvInput), Object(Symfony\Component\Console\Output\ConsoleOutput))
#23 C:\xampp\htdocs\lublog\vendor\symfony\console\Symfony\Component\Console\Application.php(874): Illuminate\Console\Command->run(Object(Symfony\Component\Console\Input\ArgvInput), Object(Symfony\Component\Console\Output\ConsoleOutput))
#24 C:\xampp\htdocs\lublog\vendor\symfony\console\Symfony\Component\Console\Application.php(195): Symfony\Component\Console\Application->doRunCommand(Object(Illuminate\Database\Console\Migrations\RefreshCommand), Object(Symfony\Component\Console\Input\ArgvInput), Object(Symfony\Component\Console\Output\ConsoleOutput))
#25 C:\xampp\htdocs\lublog\vendor\symfony\console\Symfony\Component\Console\Application.php(126): Symfony\Component\Console\Application->doRun(Object(Symfony\Component\Console\Input\ArgvInput), Object(Symfony\Component\Console\Output\ConsoleOutput))
#26 C:\xampp\htdocs\lublog\vendor\laravel\framework\src\Illuminate\Foundation\Console\Kernel.php(90): Symfony\Component\Console\Application->run(Object(Symfony\Component\Console\Input\ArgvInput), Object(Symfony\Component\Console\Output\ConsoleOutput))
#27 C:\xampp\htdocs\lublog\artisan(36): Illuminate\Foundation\Console\Kernel->handle(Object(Symfony\Component\Console\Input\ArgvInput), Object(Symfony\Component\Console\Output\ConsoleOutput))
#28 {main}  
[2015-10-01 06:13:53] local.ERROR: exception 'Symfony\Component\Debug\Exception\FatalErrorException' with message 'Call to undefined method UserTableSeeder::setContainer()' in C:\xampp\htdocs\lublog\vendor\laravel\framework\src\Illuminate\Database\Seeder.php:57
Stack trace:
#0 C:\xampp\htdocs\lublog\vendor\laravel\framework\src\Illuminate\Foundation\Bootstrap\HandleExceptions.php(131): Symfony\Component\Debug\Exception\FatalErrorException->__construct()
#1 C:\xampp\htdocs\lublog\vendor\laravel\framework\src\Illuminate\Foundation\Bootstrap\HandleExceptions.php(116): Illuminate\Foundation\Bootstrap\HandleExceptions->fatalExceptionFromError()
#2 C:\xampp\htdocs\lublog\vendor\laravel\framework\src\Illuminate\Foundation\Bootstrap\HandleExceptions.php(0): Illuminate\Foundation\Bootstrap\HandleExceptions->handleShutdown()
#3 C:\xampp\htdocs\lublog\vendor\laravel\framework\src\Illuminate\Database\Seeder.php(37): Illuminate\Database\Seeder->resolve()
#4 C:\xampp\htdocs\lublog\database\seeds\DatabaseSeeder.php(17): Illuminate\Database\Seeder->call()
#5 C:\xampp\htdocs\lublog\vendor\laravel\framework\src\Illuminate\Database\Console\SeedCommand.php(57): DatabaseSeeder->run()
#6 C:\xampp\htdocs\lublog\vendor\laravel\framework\src\Illuminate\Container\Container.php(523): Illuminate\Database\Console\SeedCommand->fire()
#7 C:\xampp\htdocs\lublog\vendor\laravel\framework\src\Illuminate\Container\Container.php(523): call_user_func_array:{C:\xampp\htdocs\lublog\vendor\laravel\framework\src\Illuminate\Container\Container.php:523}()
#8 C:\xampp\htdocs\lublog\vendor\laravel\framework\src\Illuminate\Console\Command.php(115): Illuminate\Container\Container->call()
#9 C:\xampp\htdocs\lublog\vendor\symfony\console\Symfony\Component\Console\Command\Command.php(253): Illuminate\Console\Command->execute()
#10 C:\xampp\htdocs\lublog\vendor\laravel\framework\src\Illuminate\Console\Command.php(101): Symfony\Component\Console\Command\Command->run()
#11 C:\xampp\htdocs\lublog\vendor\symfony\console\Symfony\Component\Console\Application.php(874): Illuminate\Console\Command->run()
#12 C:\xampp\htdocs\lublog\vendor\symfony\console\Symfony\Component\Console\Application.php(195): Symfony\Component\Console\Application->doRunCommand()
#13 C:\xampp\htdocs\lublog\vendor\symfony\console\Symfony\Component\Console\Application.php(126): Symfony\Component\Console\Application->doRun()
#14 C:\xampp\htdocs\lublog\vendor\laravel\framework\src\Illuminate\Foundation\Console\Kernel.php(90): Symfony\Component\Console\Application->run()
#15 C:\xampp\htdocs\lublog\artisan(36): Illuminate\Foundation\Console\Kernel->handle()
#16 C:\xampp\htdocs\lublog\artisan(0): {main}()
#17 {main}  
[2015-10-01 06:14:22] local.ERROR: exception 'Symfony\Component\Debug\Exception\FatalErrorException' with message 'Call to undefined method UserTableSeeder::setContainer()' in C:\xampp\htdocs\lublog\vendor\laravel\framework\src\Illuminate\Database\Seeder.php:57
Stack trace:
#0 C:\xampp\htdocs\lublog\vendor\laravel\framework\src\Illuminate\Foundation\Bootstrap\HandleExceptions.php(131): Symfony\Component\Debug\Exception\FatalErrorException->__construct()
#1 C:\xampp\htdocs\lublog\vendor\laravel\framework\src\Illuminate\Foundation\Bootstrap\HandleExceptions.php(116): Illuminate\Foundation\Bootstrap\HandleExceptions->fatalExceptionFromError()
#2 C:\xampp\htdocs\lublog\vendor\laravel\framework\src\Illuminate\Foundation\Bootstrap\HandleExceptions.php(0): Illuminate\Foundation\Bootstrap\HandleExceptions->handleShutdown()
#3 C:\xampp\htdocs\lublog\vendor\laravel\framework\src\Illuminate\Database\Seeder.php(37): Illuminate\Database\Seeder->resolve()
#4 C:\xampp\htdocs\lublog\database\seeds\DatabaseSeeder.php(17): Illuminate\Database\Seeder->call()
#5 C:\xampp\htdocs\lublog\vendor\laravel\framework\src\Illuminate\Database\Console\SeedCommand.php(57): DatabaseSeeder->run()
#6 C:\xampp\htdocs\lublog\vendor\laravel\framework\src\Illuminate\Container\Container.php(523): Illuminate\Database\Console\SeedCommand->fire()
#7 C:\xampp\htdocs\lublog\vendor\laravel\framework\src\Illuminate\Container\Container.php(523): call_user_func_array:{C:\xampp\htdocs\lublog\vendor\laravel\framework\src\Illuminate\Container\Container.php:523}()
#8 C:\xampp\htdocs\lublog\vendor\laravel\framework\src\Illuminate\Console\Command.php(115): Illuminate\Container\Container->call()
#9 C:\xampp\htdocs\lublog\vendor\symfony\console\Symfony\Component\Console\Command\Command.php(253): Illuminate\Console\Command->execute()
#10 C:\xampp\htdocs\lublog\vendor\laravel\framework\src\Illuminate\Console\Command.php(101): Symfony\Component\Console\Command\Command->run()
#11 C:\xampp\htdocs\lublog\vendor\symfony\console\Symfony\Component\Console\Application.php(874): Illuminate\Console\Command->run()
#12 C:\xampp\htdocs\lublog\vendor\symfony\console\Symfony\Component\Console\Application.php(195): Symfony\Component\Console\Application->doRunCommand()
#13 C:\xampp\htdocs\lublog\vendor\symfony\console\Symfony\Component\Console\Application.php(126): Symfony\Component\Console\Application->doRun()
#14 C:\xampp\htdocs\lublog\vendor\laravel\framework\src\Illuminate\Foundation\Console\Kernel.php(90): Symfony\Component\Console\Application->run()
#15 C:\xampp\htdocs\lublog\artisan(36): Illuminate\Foundation\Console\Kernel->handle()
#16 C:\xampp\htdocs\lublog\artisan(0): {main}()
#17 {main}  
[2015-10-01 06:24:47] local.ERROR: exception 'Symfony\Component\Debug\Exception\FatalErrorException' with message 'syntax error, unexpected '}'' in C:\xampp\htdocs\lublog\storage\framework\views\d3c74f459fdb622b1c7719261a90dd35:48
Stack trace:
#0 C:\xampp\htdocs\lublog\vendor\laravel\framework\src\Illuminate\Foundation\Bootstrap\HandleExceptions.php(131): Symfony\Component\Debug\Exception\FatalErrorException->__construct()
#1 C:\xampp\htdocs\lublog\vendor\laravel\framework\src\Illuminate\Foundation\Bootstrap\HandleExceptions.php(116): Illuminate\Foundation\Bootstrap\HandleExceptions->fatalExceptionFromError()
#2 C:\xampp\htdocs\lublog\vendor\laravel\framework\src\Illuminate\Foundation\Bootstrap\HandleExceptions.php(0): Illuminate\Foundation\Bootstrap\HandleExceptions->handleShutdown()
#3 C:\xampp\htdocs\lublog\vendor\laravel\framework\src\Illuminate\View\Engines\CompilerEngine.php(57): Illuminate\View\Engines\PhpEngine->evaluatePath()
#4 C:\xampp\htdocs\lublog\vendor\laravel\framework\src\Illuminate\View\View.php(136): Illuminate\View\Engines\CompilerEngine->get()
#5 C:\xampp\htdocs\lublog\vendor\laravel\framework\src\Illuminate\View\View.php(104): Illuminate\View\View->getContents()
#6 C:\xampp\htdocs\lublog\vendor\laravel\framework\src\Illuminate\View\View.php(78): Illuminate\View\View->renderContents()
#7 C:\xampp\htdocs\lublog\vendor\laravel\framework\src\Illuminate\Http\Response.php(44): Illuminate\View\View->render()
#8 C:\xampp\htdocs\lublog\vendor\symfony\http-foundation\Symfony\Component\HttpFoundation\Response.php(202): Illuminate\Http\Response->setContent()
#9 C:\xampp\htdocs\lublog\vendor\laravel\framework\src\Illuminate\Routing\Router.php(1188): Symfony\Component\HttpFoundation\Response->__construct()
#10 C:\xampp\htdocs\lublog\vendor\laravel\framework\src\Illuminate\Routing\Router.php(692): Illuminate\Routing\Router->prepareResponse()
#11 C:\xampp\htdocs\lublog\vendor\laravel\framework\src\Illuminate\Pipeline\Pipeline.php(141): Illuminate\Routing\Router->Illuminate\Routing\{closure}()
#12 C:\xampp\htdocs\lublog\vendor\laravel\framework\src\Illuminate\Pipeline\Pipeline.php(141): call_user_func:{C:\xampp\htdocs\lublog\vendor\laravel\framework\src\Illuminate\Pipeline\Pipeline.php:141}()
#13 C:\xampp\htdocs\lublog\vendor\laravel\framework\src\Illuminate\Pipeline\Pipeline.php(101): Illuminate\Pipeline\Pipeline->Illuminate\Pipeline\{closure}()
#14 C:\xampp\htdocs\lublog\vendor\laravel\framework\src\Illuminate\Pipeline\Pipeline.php(101): call_user_func:{C:\xampp\htdocs\lublog\vendor\laravel\framework\src\Illuminate\Pipeline\Pipeline.php:101}()
#15 C:\xampp\htdocs\lublog\vendor\laravel\framework\src\Illuminate\Routing\Router.php(693): Illuminate\Pipeline\Pipeline->then()
#16 C:\xampp\htdocs\lublog\vendor\laravel\framework\src\Illuminate\Routing\Router.php(660): Illuminate\Routing\Router->runRouteWithinStack()
#17 C:\xampp\htdocs\lublog\vendor\laravel\framework\src\Illuminate\Routing\Router.php(618): Illuminate\Routing\Router->dispatchToRoute()
#18 C:\xampp\htdocs\lublog\vendor\laravel\framework\src\Illuminate\Foundation\Http\Kernel.php(210): Illuminate\Routing\Router->dispatch()
#19 C:\xampp\htdocs\lublog\vendor\laravel\framework\src\Illuminate\Pipeline\Pipeline.php(141): Illuminate\Foundation\Http\Kernel->Illuminate\Foundation\Http\{closure}()
#20 C:\xampp\htdocs\lublog\vendor\laravel\framework\src\Illuminate\Pipeline\Pipeline.php(141): call_user_func:{C:\xampp\htdocs\lublog\vendor\laravel\framework\src\Illuminate\Pipeline\Pipeline.php:141}()
#21 C:\xampp\htdocs\lublog\vendor\laravel\framework\src\Illuminate\Foundation\Http\Middleware\VerifyCsrfToken.php(43): Illuminate\Pipeline\Pipeline->Illuminate\Pipeline\{closure}()
#22 C:\xampp\htdocs\lublog\app\Http\Middleware\VerifyCsrfToken.php(17): Illuminate\Foundation\Http\Middleware\VerifyCsrfToken->handle()
#23 C:\xampp\htdocs\lublog\vendor\laravel\framework\src\Illuminate\Pipeline\Pipeline.php(125): App\Http\Middleware\VerifyCsrfToken->handle()
#24 C:\xampp\htdocs\lublog\vendor\laravel\framework\src\Illuminate\View\Middleware\ShareErrorsFromSession.php(55): Illuminate\Pipeline\Pipeline->Illuminate\Pipeline\{closure}()
#25 C:\xampp\htdocs\lublog\vendor\laravel\framework\src\Illuminate\Pipeline\Pipeline.php(125): Illuminate\View\Middleware\ShareErrorsFromSession->handle()
#26 C:\xampp\htdocs\lublog\vendor\laravel\framework\src\Illuminate\Session\Middleware\StartSession.php(61): Illuminate\Pipeline\Pipeline->Illuminate\Pipeline\{closure}()
#27 C:\xampp\htdocs\lublog\vendor\laravel\framework\src\Illuminate\Pipeline\Pipeline.php(125): Illuminate\Session\Middleware\StartSession->handle()
#28 C:\xampp\htdocs\lublog\vendor\laravel\framework\src\Illuminate\Cookie\Middleware\AddQueuedCookiesToResponse.php(36): Illuminate\Pipeline\Pipeline->Illuminate\Pipeline\{closure}()
#29 C:\xampp\htdocs\lublog\vendor\laravel\framework\src\Illuminate\Pipeline\Pipeline.php(125): Illuminate\Cookie\Middleware\AddQueuedCookiesToResponse->handle()
#30 C:\xampp\htdocs\lublog\vendor\laravel\framework\src\Illuminate\Cookie\Middleware\EncryptCookies.php(40): Illuminate\Pipeline\Pipeline->Illuminate\Pipeline\{closure}()
#31 C:\xampp\htdocs\lublog\vendor\laravel\framework\src\Illuminate\Pipeline\Pipeline.php(125): Illuminate\Cookie\Middleware\EncryptCookies->handle()
#32 C:\xampp\htdocs\lublog\vendor\laravel\framework\src\Illuminate\Foundation\Http\Middleware\CheckForMaintenanceMode.php(42): Illuminate\Pipeline\Pipeline->Illuminate\Pipeline\{closure}()
#33 C:\xampp\htdocs\lublog\vendor\laravel\framework\src\Illuminate\Pipeline\Pipeline.php(125): Illuminate\Foundation\Http\Middleware\CheckForMaintenanceMode->handle()
#34 C:\xampp\htdocs\lublog\vendor\laravel\framework\src\Illuminate\Pipeline\Pipeline.php(101): Illuminate\Pipeline\Pipeline->Illuminate\Pipeline\{closure}()
#35 C:\xampp\htdocs\lublog\vendor\laravel\framework\src\Illuminate\Pipeline\Pipeline.php(101): call_user_func:{C:\xampp\htdocs\lublog\vendor\laravel\framework\src\Illuminate\Pipeline\Pipeline.php:101}()
#36 C:\xampp\htdocs\lublog\vendor\laravel\framework\src\Illuminate\Foundation\Http\Kernel.php(111): Illuminate\Pipeline\Pipeline->then()
#37 C:\xampp\htdocs\lublog\vendor\laravel\framework\src\Illuminate\Foundation\Http\Kernel.php(84): Illuminate\Foundation\Http\Kernel->sendRequestThroughRouter()
#38 C:\xampp\htdocs\lublog\public\index.php(53): Illuminate\Foundation\Http\Kernel->handle()
#39 C:\xampp\htdocs\lublog\public\index.php(0): {main}()
#40 {main}  
[2015-10-01 08:50:04] local.ERROR: exception 'Symfony\Component\Debug\Exception\FatalErrorException' with message 'syntax error, unexpected ''ckeditor/plugins/codesnippet/' (T_ENCAPSED_AND_WHITESPACE)' in C:\xampp\htdocs\lublog\storage\framework\views\06c5ba20a000b0fe1db9381ad8d74cab:363
Stack trace:
#0 C:\xampp\htdocs\lublog\vendor\laravel\framework\src\Illuminate\Foundation\Bootstrap\HandleExceptions.php(131): Symfony\Component\Debug\Exception\FatalErrorException->__construct()
#1 C:\xampp\htdocs\lublog\vendor\laravel\framework\src\Illuminate\Foundation\Bootstrap\HandleExceptions.php(116): Illuminate\Foundation\Bootstrap\HandleExceptions->fatalExceptionFromError()
#2 C:\xampp\htdocs\lublog\vendor\laravel\framework\src\Illuminate\Foundation\Bootstrap\HandleExceptions.php(0): Illuminate\Foundation\Bootstrap\HandleExceptions->handleShutdown()
#3 C:\xampp\htdocs\lublog\vendor\laravel\framework\src\Illuminate\View\Engines\CompilerEngine.php(57): Illuminate\View\Engines\PhpEngine->evaluatePath()
#4 C:\xampp\htdocs\lublog\vendor\laravel\framework\src\Illuminate\View\View.php(136): Illuminate\View\Engines\CompilerEngine->get()
#5 C:\xampp\htdocs\lublog\vendor\laravel\framework\src\Illuminate\View\View.php(104): Illuminate\View\View->getContents()
#6 C:\xampp\htdocs\lublog\vendor\laravel\framework\src\Illuminate\View\View.php(78): Illuminate\View\View->renderContents()
#7 C:\xampp\htdocs\lublog\vendor\laravel\framework\src\Illuminate\Http\Response.php(44): Illuminate\View\View->render()
#8 C:\xampp\htdocs\lublog\vendor\symfony\http-foundation\Symfony\Component\HttpFoundation\Response.php(202): Illuminate\Http\Response->setContent()
#9 C:\xampp\htdocs\lublog\vendor\laravel\framework\src\Illuminate\Routing\Router.php(1188): Symfony\Component\HttpFoundation\Response->__construct()
#10 C:\xampp\htdocs\lublog\vendor\laravel\framework\src\Illuminate\Routing\Router.php(692): Illuminate\Routing\Router->prepareResponse()
#11 C:\xampp\htdocs\lublog\vendor\laravel\framework\src\Illuminate\Pipeline\Pipeline.php(141): Illuminate\Routing\Router->Illuminate\Routing\{closure}()
#12 C:\xampp\htdocs\lublog\vendor\laravel\framework\src\Illuminate\Pipeline\Pipeline.php(141): call_user_func:{C:\xampp\htdocs\lublog\vendor\laravel\framework\src\Illuminate\Pipeline\Pipeline.php:141}()
#13 C:\xampp\htdocs\lublog\vendor\laravel\framework\src\Illuminate\Pipeline\Pipeline.php(101): Illuminate\Pipeline\Pipeline->Illuminate\Pipeline\{closure}()
#14 C:\xampp\htdocs\lublog\vendor\laravel\framework\src\Illuminate\Pipeline\Pipeline.php(101): call_user_func:{C:\xampp\htdocs\lublog\vendor\laravel\framework\src\Illuminate\Pipeline\Pipeline.php:101}()
#15 C:\xampp\htdocs\lublog\vendor\laravel\framework\src\Illuminate\Routing\Router.php(693): Illuminate\Pipeline\Pipeline->then()
#16 C:\xampp\htdocs\lublog\vendor\laravel\framework\src\Illuminate\Routing\Router.php(660): Illuminate\Routing\Router->runRouteWithinStack()
#17 C:\xampp\htdocs\lublog\vendor\laravel\framework\src\Illuminate\Routing\Router.php(618): Illuminate\Routing\Router->dispatchToRoute()
#18 C:\xampp\htdocs\lublog\vendor\laravel\framework\src\Illuminate\Foundation\Http\Kernel.php(210): Illuminate\Routing\Router->dispatch()
#19 C:\xampp\htdocs\lublog\vendor\laravel\framework\src\Illuminate\Pipeline\Pipeline.php(141): Illuminate\Foundation\Http\Kernel->Illuminate\Foundation\Http\{closure}()
#20 C:\xampp\htdocs\lublog\vendor\laravel\framework\src\Illuminate\Pipeline\Pipeline.php(141): call_user_func:{C:\xampp\htdocs\lublog\vendor\laravel\framework\src\Illuminate\Pipeline\Pipeline.php:141}()
#21 C:\xampp\htdocs\lublog\vendor\laravel\framework\src\Illuminate\Foundation\Http\Middleware\VerifyCsrfToken.php(43): Illuminate\Pipeline\Pipeline->Illuminate\Pipeline\{closure}()
#22 C:\xampp\htdocs\lublog\app\Http\Middleware\VerifyCsrfToken.php(17): Illuminate\Foundation\Http\Middleware\VerifyCsrfToken->handle()
#23 C:\xampp\htdocs\lublog\vendor\laravel\framework\src\Illuminate\Pipeline\Pipeline.php(125): App\Http\Middleware\VerifyCsrfToken->handle()
#24 C:\xampp\htdocs\lublog\vendor\laravel\framework\src\Illuminate\View\Middleware\ShareErrorsFromSession.php(55): Illuminate\Pipeline\Pipeline->Illuminate\Pipeline\{closure}()
#25 C:\xampp\htdocs\lublog\vendor\laravel\framework\src\Illuminate\Pipeline\Pipeline.php(125): Illuminate\View\Middleware\ShareErrorsFromSession->handle()
#26 C:\xampp\htdocs\lublog\vendor\laravel\framework\src\Illuminate\Session\Middleware\StartSession.php(61): Illuminate\Pipeline\Pipeline->Illuminate\Pipeline\{closure}()
#27 C:\xampp\htdocs\lublog\vendor\laravel\framework\src\Illuminate\Pipeline\Pipeline.php(125): Illuminate\Session\Middleware\StartSession->handle()
#28 C:\xampp\htdocs\lublog\vendor\laravel\framework\src\Illuminate\Cookie\Middleware\AddQueuedCookiesToResponse.php(36): Illuminate\Pipeline\Pipeline->Illuminate\Pipeline\{closure}()
#29 C:\xampp\htdocs\lublog\vendor\laravel\framework\src\Illuminate\Pipeline\Pipeline.php(125): Illuminate\Cookie\Middleware\AddQueuedCookiesToResponse->handle()
#30 C:\xampp\htdocs\lublog\vendor\laravel\framework\src\Illuminate\Cookie\Middleware\EncryptCookies.php(40): Illuminate\Pipeline\Pipeline->Illuminate\Pipeline\{closure}()
#31 C:\xampp\htdocs\lublog\vendor\laravel\framework\src\Illuminate\Pipeline\Pipeline.php(125): Illuminate\Cookie\Middleware\EncryptCookies->handle()
#32 C:\xampp\htdocs\lublog\vendor\laravel\framework\src\Illuminate\Foundation\Http\Middleware\CheckForMaintenanceMode.php(42): Illuminate\Pipeline\Pipeline->Illuminate\Pipeline\{closure}()
#33 C:\xampp\htdocs\lublog\vendor\laravel\framework\src\Illuminate\Pipeline\Pipeline.php(125): Illuminate\Foundation\Http\Middleware\CheckForMaintenanceMode->handle()
#34 C:\xampp\htdocs\lublog\vendor\laravel\framework\src\Illuminate\Pipeline\Pipeline.php(101): Illuminate\Pipeline\Pipeline->Illuminate\Pipeline\{closure}()
#35 C:\xampp\htdocs\lublog\vendor\laravel\framework\src\Illuminate\Pipeline\Pipeline.php(101): call_user_func:{C:\xampp\htdocs\lublog\vendor\laravel\framework\src\Illuminate\Pipeline\Pipeline.php:101}()
#36 C:\xampp\htdocs\lublog\vendor\laravel\framework\src\Illuminate\Foundation\Http\Kernel.php(111): Illuminate\Pipeline\Pipeline->then()
#37 C:\xampp\htdocs\lublog\vendor\laravel\framework\src\Illuminate\Foundation\Http\Kernel.php(84): Illuminate\Foundation\Http\Kernel->sendRequestThroughRouter()
#38 C:\xampp\htdocs\lublog\public\index.php(53): Illuminate\Foundation\Http\Kernel->handle()
#39 C:\xampp\htdocs\lublog\public\index.php(0): {main}()
#40 {main}  
[2015-10-01 08:50:22] local.ERROR: exception 'Symfony\Component\Debug\Exception\FatalErrorException' with message 'syntax error, unexpected ''/ckeditor/plugins/codesnippet' (T_ENCAPSED_AND_WHITESPACE)' in C:\xampp\htdocs\lublog\storage\framework\views\06c5ba20a000b0fe1db9381ad8d74cab:363
Stack trace:
#0 C:\xampp\htdocs\lublog\vendor\laravel\framework\src\Illuminate\Foundation\Bootstrap\HandleExceptions.php(131): Symfony\Component\Debug\Exception\FatalErrorException->__construct()
#1 C:\xampp\htdocs\lublog\vendor\laravel\framework\src\Illuminate\Foundation\Bootstrap\HandleExceptions.php(116): Illuminate\Foundation\Bootstrap\HandleExceptions->fatalExceptionFromError()
#2 C:\xampp\htdocs\lublog\vendor\laravel\framework\src\Illuminate\Foundation\Bootstrap\HandleExceptions.php(0): Illuminate\Foundation\Bootstrap\HandleExceptions->handleShutdown()
#3 C:\xampp\htdocs\lublog\vendor\laravel\framework\src\Illuminate\View\Engines\CompilerEngine.php(57): Illuminate\View\Engines\PhpEngine->evaluatePath()
#4 C:\xampp\htdocs\lublog\vendor\laravel\framework\src\Illuminate\View\View.php(136): Illuminate\View\Engines\CompilerEngine->get()
#5 C:\xampp\htdocs\lublog\vendor\laravel\framework\src\Illuminate\View\View.php(104): Illuminate\View\View->getContents()
#6 C:\xampp\htdocs\lublog\vendor\laravel\framework\src\Illuminate\View\View.php(78): Illuminate\View\View->renderContents()
#7 C:\xampp\htdocs\lublog\vendor\laravel\framework\src\Illuminate\Http\Response.php(44): Illuminate\View\View->render()
#8 C:\xampp\htdocs\lublog\vendor\symfony\http-foundation\Symfony\Component\HttpFoundation\Response.php(202): Illuminate\Http\Response->setContent()
#9 C:\xampp\htdocs\lublog\vendor\laravel\framework\src\Illuminate\Routing\Router.php(1188): Symfony\Component\HttpFoundation\Response->__construct()
#10 C:\xampp\htdocs\lublog\vendor\laravel\framework\src\Illuminate\Routing\Router.php(692): Illuminate\Routing\Router->prepareResponse()
#11 C:\xampp\htdocs\lublog\vendor\laravel\framework\src\Illuminate\Pipeline\Pipeline.php(141): Illuminate\Routing\Router->Illuminate\Routing\{closure}()
#12 C:\xampp\htdocs\lublog\vendor\laravel\framework\src\Illuminate\Pipeline\Pipeline.php(141): call_user_func:{C:\xampp\htdocs\lublog\vendor\laravel\framework\src\Illuminate\Pipeline\Pipeline.php:141}()
#13 C:\xampp\htdocs\lublog\vendor\laravel\framework\src\Illuminate\Pipeline\Pipeline.php(101): Illuminate\Pipeline\Pipeline->Illuminate\Pipeline\{closure}()
#14 C:\xampp\htdocs\lublog\vendor\laravel\framework\src\Illuminate\Pipeline\Pipeline.php(101): call_user_func:{C:\xampp\htdocs\lublog\vendor\laravel\framework\src\Illuminate\Pipeline\Pipeline.php:101}()
#15 C:\xampp\htdocs\lublog\vendor\laravel\framework\src\Illuminate\Routing\Router.php(693): Illuminate\Pipeline\Pipeline->then()
#16 C:\xampp\htdocs\lublog\vendor\laravel\framework\src\Illuminate\Routing\Router.php(660): Illuminate\Routing\Router->runRouteWithinStack()
#17 C:\xampp\htdocs\lublog\vendor\laravel\framework\src\Illuminate\Routing\Router.php(618): Illuminate\Routing\Router->dispatchToRoute()
#18 C:\xampp\htdocs\lublog\vendor\laravel\framework\src\Illuminate\Foundation\Http\Kernel.php(210): Illuminate\Routing\Router->dispatch()
#19 C:\xampp\htdocs\lublog\vendor\laravel\framework\src\Illuminate\Pipeline\Pipeline.php(141): Illuminate\Foundation\Http\Kernel->Illuminate\Foundation\Http\{closure}()
#20 C:\xampp\htdocs\lublog\vendor\laravel\framework\src\Illuminate\Pipeline\Pipeline.php(141): call_user_func:{C:\xampp\htdocs\lublog\vendor\laravel\framework\src\Illuminate\Pipeline\Pipeline.php:141}()
#21 C:\xampp\htdocs\lublog\vendor\laravel\framework\src\Illuminate\Foundation\Http\Middleware\VerifyCsrfToken.php(43): Illuminate\Pipeline\Pipeline->Illuminate\Pipeline\{closure}()
#22 C:\xampp\htdocs\lublog\app\Http\Middleware\VerifyCsrfToken.php(17): Illuminate\Foundation\Http\Middleware\VerifyCsrfToken->handle()
#23 C:\xampp\htdocs\lublog\vendor\laravel\framework\src\Illuminate\Pipeline\Pipeline.php(125): App\Http\Middleware\VerifyCsrfToken->handle()
#24 C:\xampp\htdocs\lublog\vendor\laravel\framework\src\Illuminate\View\Middleware\ShareErrorsFromSession.php(55): Illuminate\Pipeline\Pipeline->Illuminate\Pipeline\{closure}()
#25 C:\xampp\htdocs\lublog\vendor\laravel\framework\src\Illuminate\Pipeline\Pipeline.php(125): Illuminate\View\Middleware\ShareErrorsFromSession->handle()
#26 C:\xampp\htdocs\lublog\vendor\laravel\framework\src\Illuminate\Session\Middleware\StartSession.php(61): Illuminate\Pipeline\Pipeline->Illuminate\Pipeline\{closure}()
#27 C:\xampp\htdocs\lublog\vendor\laravel\framework\src\Illuminate\Pipeline\Pipeline.php(125): Illuminate\Session\Middleware\StartSession->handle()
#28 C:\xampp\htdocs\lublog\vendor\laravel\framework\src\Illuminate\Cookie\Middleware\AddQueuedCookiesToResponse.php(36): Illuminate\Pipeline\Pipeline->Illuminate\Pipeline\{closure}()
#29 C:\xampp\htdocs\lublog\vendor\laravel\framework\src\Illuminate\Pipeline\Pipeline.php(125): Illuminate\Cookie\Middleware\AddQueuedCookiesToResponse->handle()
#30 C:\xampp\htdocs\lublog\vendor\laravel\framework\src\Illuminate\Cookie\Middleware\EncryptCookies.php(40): Illuminate\Pipeline\Pipeline->Illuminate\Pipeline\{closure}()
#31 C:\xampp\htdocs\lublog\vendor\laravel\framework\src\Illuminate\Pipeline\Pipeline.php(125): Illuminate\Cookie\Middleware\EncryptCookies->handle()
#32 C:\xampp\htdocs\lublog\vendor\laravel\framework\src\Illuminate\Foundation\Http\Middleware\CheckForMaintenanceMode.php(42): Illuminate\Pipeline\Pipeline->Illuminate\Pipeline\{closure}()
#33 C:\xampp\htdocs\lublog\vendor\laravel\framework\src\Illuminate\Pipeline\Pipeline.php(125): Illuminate\Foundation\Http\Middleware\CheckForMaintenanceMode->handle()
#34 C:\xampp\htdocs\lublog\vendor\laravel\framework\src\Illuminate\Pipeline\Pipeline.php(101): Illuminate\Pipeline\Pipeline->Illuminate\Pipeline\{closure}()
#35 C:\xampp\htdocs\lublog\vendor\laravel\framework\src\Illuminate\Pipeline\Pipeline.php(101): call_user_func:{C:\xampp\htdocs\lublog\vendor\laravel\framework\src\Illuminate\Pipeline\Pipeline.php:101}()
#36 C:\xampp\htdocs\lublog\vendor\laravel\framework\src\Illuminate\Foundation\Http\Kernel.php(111): Illuminate\Pipeline\Pipeline->then()
#37 C:\xampp\htdocs\lublog\vendor\laravel\framework\src\Illuminate\Foundation\Http\Kernel.php(84): Illuminate\Foundation\Http\Kernel->sendRequestThroughRouter()
#38 C:\xampp\htdocs\lublog\public\index.php(53): Illuminate\Foundation\Http\Kernel->handle()
#39 C:\xampp\htdocs\lublog\public\index.php(0): {main}()
#40 {main}  
[2015-10-01 09:07:51] local.ERROR: exception 'Illuminate\Session\TokenMismatchException' in C:\xampp\htdocs\lublog\vendor\laravel\framework\src\Illuminate\Foundation\Http\Middleware\VerifyCsrfToken.php:46
Stack trace:
#0 C:\xampp\htdocs\lublog\app\Http\Middleware\VerifyCsrfToken.php(17): Illuminate\Foundation\Http\Middleware\VerifyCsrfToken->handle(Object(Illuminate\Http\Request), Object(Closure))
#1 C:\xampp\htdocs\lublog\vendor\laravel\framework\src\Illuminate\Pipeline\Pipeline.php(125): App\Http\Middleware\VerifyCsrfToken->handle(Object(Illuminate\Http\Request), Object(Closure))
#2 C:\xampp\htdocs\lublog\vendor\laravel\framework\src\Illuminate\View\Middleware\ShareErrorsFromSession.php(55): Illuminate\Pipeline\Pipeline->Illuminate\Pipeline\{closure}(Object(Illuminate\Http\Request))
#3 C:\xampp\htdocs\lublog\vendor\laravel\framework\src\Illuminate\Pipeline\Pipeline.php(125): Illuminate\View\Middleware\ShareErrorsFromSession->handle(Object(Illuminate\Http\Request), Object(Closure))
#4 C:\xampp\htdocs\lublog\vendor\laravel\framework\src\Illuminate\Session\Middleware\StartSession.php(61): Illuminate\Pipeline\Pipeline->Illuminate\Pipeline\{closure}(Object(Illuminate\Http\Request))
#5 C:\xampp\htdocs\lublog\vendor\laravel\framework\src\Illuminate\Pipeline\Pipeline.php(125): Illuminate\Session\Middleware\StartSession->handle(Object(Illuminate\Http\Request), Object(Closure))
#6 C:\xampp\htdocs\lublog\vendor\laravel\framework\src\Illuminate\Cookie\Middleware\AddQueuedCookiesToResponse.php(36): Illuminate\Pipeline\Pipeline->Illuminate\Pipeline\{closure}(Object(Illuminate\Http\Request))
#7 C:\xampp\htdocs\lublog\vendor\laravel\framework\src\Illuminate\Pipeline\Pipeline.php(125): Illuminate\Cookie\Middleware\AddQueuedCookiesToResponse->handle(Object(Illuminate\Http\Request), Object(Closure))
#8 C:\xampp\htdocs\lublog\vendor\laravel\framework\src\Illuminate\Cookie\Middleware\EncryptCookies.php(40): Illuminate\Pipeline\Pipeline->Illuminate\Pipeline\{closure}(Object(Illuminate\Http\Request))
#9 C:\xampp\htdocs\lublog\vendor\laravel\framework\src\Illuminate\Pipeline\Pipeline.php(125): Illuminate\Cookie\Middleware\EncryptCookies->handle(Object(Illuminate\Http\Request), Object(Closure))
#10 C:\xampp\htdocs\lublog\vendor\laravel\framework\src\Illuminate\Foundation\Http\Middleware\CheckForMaintenanceMode.php(42): Illuminate\Pipeline\Pipeline->Illuminate\Pipeline\{closure}(Object(Illuminate\Http\Request))
#11 C:\xampp\htdocs\lublog\vendor\laravel\framework\src\Illuminate\Pipeline\Pipeline.php(125): Illuminate\Foundation\Http\Middleware\CheckForMaintenanceMode->handle(Object(Illuminate\Http\Request), Object(Closure))
#12 [internal function]: Illuminate\Pipeline\Pipeline->Illuminate\Pipeline\{closure}(Object(Illuminate\Http\Request))
#13 C:\xampp\htdocs\lublog\vendor\laravel\framework\src\Illuminate\Pipeline\Pipeline.php(101): call_user_func(Object(Closure), Object(Illuminate\Http\Request))
#14 C:\xampp\htdocs\lublog\vendor\laravel\framework\src\Illuminate\Foundation\Http\Kernel.php(111): Illuminate\Pipeline\Pipeline->then(Object(Closure))
#15 C:\xampp\htdocs\lublog\vendor\laravel\framework\src\Illuminate\Foundation\Http\Kernel.php(84): Illuminate\Foundation\Http\Kernel->sendRequestThroughRouter(Object(Illuminate\Http\Request))
#16 C:\xampp\htdocs\lublog\public\index.php(53): Illuminate\Foundation\Http\Kernel->handle(Object(Illuminate\Http\Request))
#17 {main}  
[2015-10-01 09:10:26] local.ERROR: exception 'Symfony\Component\Debug\Exception\FatalErrorException' with message 'syntax error, unexpected 'js_resources' (T_STRING)' in C:\xampp\htdocs\lublog\storage\framework\views\39518c160238528a13d9037c32bcc08f:20
Stack trace:
#0 C:\xampp\htdocs\lublog\vendor\laravel\framework\src\Illuminate\Foundation\Bootstrap\HandleExceptions.php(131): Symfony\Component\Debug\Exception\FatalErrorException->__construct()
#1 C:\xampp\htdocs\lublog\vendor\laravel\framework\src\Illuminate\Foundation\Bootstrap\HandleExceptions.php(116): Illuminate\Foundation\Bootstrap\HandleExceptions->fatalExceptionFromError()
#2 C:\xampp\htdocs\lublog\vendor\laravel\framework\src\Illuminate\Foundation\Bootstrap\HandleExceptions.php(0): Illuminate\Foundation\Bootstrap\HandleExceptions->handleShutdown()
#3 C:\xampp\htdocs\lublog\vendor\laravel\framework\src\Illuminate\View\Engines\CompilerEngine.php(57): Illuminate\View\Engines\PhpEngine->evaluatePath()
#4 C:\xampp\htdocs\lublog\vendor\laravel\framework\src\Illuminate\View\View.php(136): Illuminate\View\Engines\CompilerEngine->get()
#5 C:\xampp\htdocs\lublog\vendor\laravel\framework\src\Illuminate\View\View.php(104): Illuminate\View\View->getContents()
#6 C:\xampp\htdocs\lublog\vendor\laravel\framework\src\Illuminate\View\View.php(78): Illuminate\View\View->renderContents()
#7 C:\xampp\htdocs\lublog\vendor\laravel\framework\src\Illuminate\Http\Response.php(44): Illuminate\View\View->render()
#8 C:\xampp\htdocs\lublog\vendor\symfony\http-foundation\Symfony\Component\HttpFoundation\Response.php(202): Illuminate\Http\Response->setContent()
#9 C:\xampp\htdocs\lublog\vendor\laravel\framework\src\Illuminate\Routing\Router.php(1188): Symfony\Component\HttpFoundation\Response->__construct()
#10 C:\xampp\htdocs\lublog\vendor\laravel\framework\src\Illuminate\Routing\Router.php(692): Illuminate\Routing\Router->prepareResponse()
#11 C:\xampp\htdocs\lublog\vendor\laravel\framework\src\Illuminate\Pipeline\Pipeline.php(141): Illuminate\Routing\Router->Illuminate\Routing\{closure}()
#12 C:\xampp\htdocs\lublog\vendor\laravel\framework\src\Illuminate\Pipeline\Pipeline.php(141): call_user_func:{C:\xampp\htdocs\lublog\vendor\laravel\framework\src\Illuminate\Pipeline\Pipeline.php:141}()
#13 C:\xampp\htdocs\lublog\app\Http\Middleware\Authenticate.php(47): Illuminate\Pipeline\Pipeline->Illuminate\Pipeline\{closure}()
#14 C:\xampp\htdocs\lublog\vendor\laravel\framework\src\Illuminate\Pipeline\Pipeline.php(125): App\Http\Middleware\Authenticate->handle()
#15 C:\xampp\htdocs\lublog\vendor\laravel\framework\src\Illuminate\Pipeline\Pipeline.php(101): Illuminate\Pipeline\Pipeline->Illuminate\Pipeline\{closure}()
#16 C:\xampp\htdocs\lublog\vendor\laravel\framework\src\Illuminate\Pipeline\Pipeline.php(101): call_user_func:{C:\xampp\htdocs\lublog\vendor\laravel\framework\src\Illuminate\Pipeline\Pipeline.php:101}()
#17 C:\xampp\htdocs\lublog\vendor\laravel\framework\src\Illuminate\Routing\Router.php(693): Illuminate\Pipeline\Pipeline->then()
#18 C:\xampp\htdocs\lublog\vendor\laravel\framework\src\Illuminate\Routing\Router.php(660): Illuminate\Routing\Router->runRouteWithinStack()
#19 C:\xampp\htdocs\lublog\vendor\laravel\framework\src\Illuminate\Routing\Router.php(618): Illuminate\Routing\Router->dispatchToRoute()
#20 C:\xampp\htdocs\lublog\vendor\laravel\framework\src\Illuminate\Foundation\Http\Kernel.php(210): Illuminate\Routing\Router->dispatch()
#21 C:\xampp\htdocs\lublog\vendor\laravel\framework\src\Illuminate\Pipeline\Pipeline.php(141): Illuminate\Foundation\Http\Kernel->Illuminate\Foundation\Http\{closure}()
#22 C:\xampp\htdocs\lublog\vendor\laravel\framework\src\Illuminate\Pipeline\Pipeline.php(141): call_user_func:{C:\xampp\htdocs\lublog\vendor\laravel\framework\src\Illuminate\Pipeline\Pipeline.php:141}()
#23 C:\xampp\htdocs\lublog\vendor\laravel\framework\src\Illuminate\Foundation\Http\Middleware\VerifyCsrfToken.php(43): Illuminate\Pipeline\Pipeline->Illuminate\Pipeline\{closure}()
#24 C:\xampp\htdocs\lublog\app\Http\Middleware\VerifyCsrfToken.php(17): Illuminate\Foundation\Http\Middleware\VerifyCsrfToken->handle()
#25 C:\xampp\htdocs\lublog\vendor\laravel\framework\src\Illuminate\Pipeline\Pipeline.php(125): App\Http\Middleware\VerifyCsrfToken->handle()
#26 C:\xampp\htdocs\lublog\vendor\laravel\framework\src\Illuminate\View\Middleware\ShareErrorsFromSession.php(55): Illuminate\Pipeline\Pipeline->Illuminate\Pipeline\{closure}()
#27 C:\xampp\htdocs\lublog\vendor\laravel\framework\src\Illuminate\Pipeline\Pipeline.php(125): Illuminate\View\Middleware\ShareErrorsFromSession->handle()
#28 C:\xampp\htdocs\lublog\vendor\laravel\framework\src\Illuminate\Session\Middleware\StartSession.php(61): Illuminate\Pipeline\Pipeline->Illuminate\Pipeline\{closure}()
#29 C:\xampp\htdocs\lublog\vendor\laravel\framework\src\Illuminate\Pipeline\Pipeline.php(125): Illuminate\Session\Middleware\StartSession->handle()
#30 C:\xampp\htdocs\lublog\vendor\laravel\framework\src\Illuminate\Cookie\Middleware\AddQueuedCookiesToResponse.php(36): Illuminate\Pipeline\Pipeline->Illuminate\Pipeline\{closure}()
#31 C:\xampp\htdocs\lublog\vendor\laravel\framework\src\Illuminate\Pipeline\Pipeline.php(125): Illuminate\Cookie\Middleware\AddQueuedCookiesToResponse->handle()
#32 C:\xampp\htdocs\lublog\vendor\laravel\framework\src\Illuminate\Cookie\Middleware\EncryptCookies.php(40): Illuminate\Pipeline\Pipeline->Illuminate\Pipeline\{closure}()
#33 C:\xampp\htdocs\lublog\vendor\laravel\framework\src\Illuminate\Pipeline\Pipeline.php(125): Illuminate\Cookie\Middleware\EncryptCookies->handle()
#34 C:\xampp\htdocs\lublog\vendor\laravel\framework\src\Illuminate\Foundation\Http\Middleware\CheckForMaintenanceMode.php(42): Illuminate\Pipeline\Pipeline->Illuminate\Pipeline\{closure}()
#35 C:\xampp\htdocs\lublog\vendor\laravel\framework\src\Illuminate\Pipeline\Pipeline.php(125): Illuminate\Foundation\Http\Middleware\CheckForMaintenanceMode->handle()
#36 C:\xampp\htdocs\lublog\vendor\laravel\framework\src\Illuminate\Pipeline\Pipeline.php(101): Illuminate\Pipeline\Pipeline->Illuminate\Pipeline\{closure}()
#37 C:\xampp\htdocs\lublog\vendor\laravel\framework\src\Illuminate\Pipeline\Pipeline.php(101): call_user_func:{C:\xampp\htdocs\lublog\vendor\laravel\framework\src\Illuminate\Pipeline\Pipeline.php:101}()
#38 C:\xampp\htdocs\lublog\vendor\laravel\framework\src\Illuminate\Foundation\Http\Kernel.php(111): Illuminate\Pipeline\Pipeline->then()
#39 C:\xampp\htdocs\lublog\vendor\laravel\framework\src\Illuminate\Foundation\Http\Kernel.php(84): Illuminate\Foundation\Http\Kernel->sendRequestThroughRouter()
#40 C:\xampp\htdocs\lublog\public\index.php(53): Illuminate\Foundation\Http\Kernel->handle()
#41 C:\xampp\htdocs\lublog\public\index.php(0): {main}()
#42 {main}  
[2015-10-01 09:10:29] local.ERROR: exception 'Symfony\Component\Debug\Exception\FatalErrorException' with message 'syntax error, unexpected 'js_resources' (T_STRING)' in C:\xampp\htdocs\lublog\storage\framework\views\39518c160238528a13d9037c32bcc08f:20
Stack trace:
#0 C:\xampp\htdocs\lublog\vendor\laravel\framework\src\Illuminate\Foundation\Bootstrap\HandleExceptions.php(131): Symfony\Component\Debug\Exception\FatalErrorException->__construct()
#1 C:\xampp\htdocs\lublog\vendor\laravel\framework\src\Illuminate\Foundation\Bootstrap\HandleExceptions.php(116): Illuminate\Foundation\Bootstrap\HandleExceptions->fatalExceptionFromError()
#2 C:\xampp\htdocs\lublog\vendor\laravel\framework\src\Illuminate\Foundation\Bootstrap\HandleExceptions.php(0): Illuminate\Foundation\Bootstrap\HandleExceptions->handleShutdown()
#3 C:\xampp\htdocs\lublog\vendor\laravel\framework\src\Illuminate\View\Engines\CompilerEngine.php(57): Illuminate\View\Engines\PhpEngine->evaluatePath()
#4 C:\xampp\htdocs\lublog\vendor\laravel\framework\src\Illuminate\View\View.php(136): Illuminate\View\Engines\CompilerEngine->get()
#5 C:\xampp\htdocs\lublog\vendor\laravel\framework\src\Illuminate\View\View.php(104): Illuminate\View\View->getContents()
#6 C:\xampp\htdocs\lublog\vendor\laravel\framework\src\Illuminate\View\View.php(78): Illuminate\View\View->renderContents()
#7 C:\xampp\htdocs\lublog\vendor\laravel\framework\src\Illuminate\Http\Response.php(44): Illuminate\View\View->render()
#8 C:\xampp\htdocs\lublog\vendor\symfony\http-foundation\Symfony\Component\HttpFoundation\Response.php(202): Illuminate\Http\Response->setContent()
#9 C:\xampp\htdocs\lublog\vendor\laravel\framework\src\Illuminate\Routing\Router.php(1188): Symfony\Component\HttpFoundation\Response->__construct()
#10 C:\xampp\htdocs\lublog\vendor\laravel\framework\src\Illuminate\Routing\Router.php(692): Illuminate\Routing\Router->prepareResponse()
#11 C:\xampp\htdocs\lublog\vendor\laravel\framework\src\Illuminate\Pipeline\Pipeline.php(141): Illuminate\Routing\Router->Illuminate\Routing\{closure}()
#12 C:\xampp\htdocs\lublog\vendor\laravel\framework\src\Illuminate\Pipeline\Pipeline.php(141): call_user_func:{C:\xampp\htdocs\lublog\vendor\laravel\framework\src\Illuminate\Pipeline\Pipeline.php:141}()
#13 C:\xampp\htdocs\lublog\app\Http\Middleware\Authenticate.php(47): Illuminate\Pipeline\Pipeline->Illuminate\Pipeline\{closure}()
#14 C:\xampp\htdocs\lublog\vendor\laravel\framework\src\Illuminate\Pipeline\Pipeline.php(125): App\Http\Middleware\Authenticate->handle()
#15 C:\xampp\htdocs\lublog\vendor\laravel\framework\src\Illuminate\Pipeline\Pipeline.php(101): Illuminate\Pipeline\Pipeline->Illuminate\Pipeline\{closure}()
#16 C:\xampp\htdocs\lublog\vendor\laravel\framework\src\Illuminate\Pipeline\Pipeline.php(101): call_user_func:{C:\xampp\htdocs\lublog\vendor\laravel\framework\src\Illuminate\Pipeline\Pipeline.php:101}()
#17 C:\xampp\htdocs\lublog\vendor\laravel\framework\src\Illuminate\Routing\Router.php(693): Illuminate\Pipeline\Pipeline->then()
#18 C:\xampp\htdocs\lublog\vendor\laravel\framework\src\Illuminate\Routing\Router.php(660): Illuminate\Routing\Router->runRouteWithinStack()
#19 C:\xampp\htdocs\lublog\vendor\laravel\framework\src\Illuminate\Routing\Router.php(618): Illuminate\Routing\Router->dispatchToRoute()
#20 C:\xampp\htdocs\lublog\vendor\laravel\framework\src\Illuminate\Foundation\Http\Kernel.php(210): Illuminate\Routing\Router->dispatch()
#21 C:\xampp\htdocs\lublog\vendor\laravel\framework\src\Illuminate\Pipeline\Pipeline.php(141): Illuminate\Foundation\Http\Kernel->Illuminate\Foundation\Http\{closure}()
#22 C:\xampp\htdocs\lublog\vendor\laravel\framework\src\Illuminate\Pipeline\Pipeline.php(141): call_user_func:{C:\xampp\htdocs\lublog\vendor\laravel\framework\src\Illuminate\Pipeline\Pipeline.php:141}()
#23 C:\xampp\htdocs\lublog\vendor\laravel\framework\src\Illuminate\Foundation\Http\Middleware\VerifyCsrfToken.php(43): Illuminate\Pipeline\Pipeline->Illuminate\Pipeline\{closure}()
#24 C:\xampp\htdocs\lublog\app\Http\Middleware\VerifyCsrfToken.php(17): Illuminate\Foundation\Http\Middleware\VerifyCsrfToken->handle()
#25 C:\xampp\htdocs\lublog\vendor\laravel\framework\src\Illuminate\Pipeline\Pipeline.php(125): App\Http\Middleware\VerifyCsrfToken->handle()
#26 C:\xampp\htdocs\lublog\vendor\laravel\framework\src\Illuminate\View\Middleware\ShareErrorsFromSession.php(55): Illuminate\Pipeline\Pipeline->Illuminate\Pipeline\{closure}()
#27 C:\xampp\htdocs\lublog\vendor\laravel\framework\src\Illuminate\Pipeline\Pipeline.php(125): Illuminate\View\Middleware\ShareErrorsFromSession->handle()
#28 C:\xampp\htdocs\lublog\vendor\laravel\framework\src\Illuminate\Session\Middleware\StartSession.php(61): Illuminate\Pipeline\Pipeline->Illuminate\Pipeline\{closure}()
#29 C:\xampp\htdocs\lublog\vendor\laravel\framework\src\Illuminate\Pipeline\Pipeline.php(125): Illuminate\Session\Middleware\StartSession->handle()
#30 C:\xampp\htdocs\lublog\vendor\laravel\framework\src\Illuminate\Cookie\Middleware\AddQueuedCookiesToResponse.php(36): Illuminate\Pipeline\Pipeline->Illuminate\Pipeline\{closure}()
#31 C:\xampp\htdocs\lublog\vendor\laravel\framework\src\Illuminate\Pipeline\Pipeline.php(125): Illuminate\Cookie\Middleware\AddQueuedCookiesToResponse->handle()
#32 C:\xampp\htdocs\lublog\vendor\laravel\framework\src\Illuminate\Cookie\Middleware\EncryptCookies.php(40): Illuminate\Pipeline\Pipeline->Illuminate\Pipeline\{closure}()
#33 C:\xampp\htdocs\lublog\vendor\laravel\framework\src\Illuminate\Pipeline\Pipeline.php(125): Illuminate\Cookie\Middleware\EncryptCookies->handle()
#34 C:\xampp\htdocs\lublog\vendor\laravel\framework\src\Illuminate\Foundation\Http\Middleware\CheckForMaintenanceMode.php(42): Illuminate\Pipeline\Pipeline->Illuminate\Pipeline\{closure}()
#35 C:\xampp\htdocs\lublog\vendor\laravel\framework\src\Illuminate\Pipeline\Pipeline.php(125): Illuminate\Foundation\Http\Middleware\CheckForMaintenanceMode->handle()
#36 C:\xampp\htdocs\lublog\vendor\laravel\framework\src\Illuminate\Pipeline\Pipeline.php(101): Illuminate\Pipeline\Pipeline->Illuminate\Pipeline\{closure}()
#37 C:\xampp\htdocs\lublog\vendor\laravel\framework\src\Illuminate\Pipeline\Pipeline.php(101): call_user_func:{C:\xampp\htdocs\lublog\vendor\laravel\framework\src\Illuminate\Pipeline\Pipeline.php:101}()
#38 C:\xampp\htdocs\lublog\vendor\laravel\framework\src\Illuminate\Foundation\Http\Kernel.php(111): Illuminate\Pipeline\Pipeline->then()
#39 C:\xampp\htdocs\lublog\vendor\laravel\framework\src\Illuminate\Foundation\Http\Kernel.php(84): Illuminate\Foundation\Http\Kernel->sendRequestThroughRouter()
#40 C:\xampp\htdocs\lublog\public\index.php(53): Illuminate\Foundation\Http\Kernel->handle()
#41 C:\xampp\htdocs\lublog\public\index.php(0): {main}()
#42 {main}  
[2015-10-01 17:18:59] local.ERROR: exception 'BadMethodCallException' with message 'Call to undefined method Illuminate\Database\Query\Builder::sortpaginate()' in C:\xampp\htdocs\lublog\vendor\laravel\framework\src\Illuminate\Database\Query\Builder.php:1992
Stack trace:
#0 [internal function]: Illuminate\Database\Query\Builder->__call('sortpaginate', Array)
#1 [internal function]: Illuminate\Database\Query\Builder->sortpaginate()
#2 C:\xampp\htdocs\lublog\vendor\laravel\framework\src\Illuminate\Database\Eloquent\Builder.php(933): call_user_func_array(Array, Array)
#3 C:\xampp\htdocs\lublog\app\Http\Controllers\ArticleController.php(19): Illuminate\Database\Eloquent\Builder->__call('sortpaginate', Array)
#4 C:\xampp\htdocs\lublog\app\Http\Controllers\ArticleController.php(19): Illuminate\Database\Eloquent\Builder->sortpaginate()
#5 [internal function]: App\Http\Controllers\ArticleController->index()
#6 C:\xampp\htdocs\lublog\vendor\laravel\framework\src\Illuminate\Routing\Controller.php(246): call_user_func_array(Array, Array)
#7 C:\xampp\htdocs\lublog\vendor\laravel\framework\src\Illuminate\Routing\ControllerDispatcher.php(162): Illuminate\Routing\Controller->callAction('index', Array)
#8 C:\xampp\htdocs\lublog\vendor\laravel\framework\src\Illuminate\Routing\ControllerDispatcher.php(107): Illuminate\Routing\ControllerDispatcher->call(Object(App\Http\Controllers\ArticleController), Object(Illuminate\Routing\Route), 'index')
#9 [internal function]: Illuminate\Routing\ControllerDispatcher->Illuminate\Routing\{closure}(Object(Illuminate\Http\Request))
#10 C:\xampp\htdocs\lublog\vendor\laravel\framework\src\Illuminate\Pipeline\Pipeline.php(141): call_user_func(Object(Closure), Object(Illuminate\Http\Request))
#11 [internal function]: Illuminate\Pipeline\Pipeline->Illuminate\Pipeline\{closure}(Object(Illuminate\Http\Request))
#12 C:\xampp\htdocs\lublog\vendor\laravel\framework\src\Illuminate\Pipeline\Pipeline.php(101): call_user_func(Object(Closure), Object(Illuminate\Http\Request))
#13 C:\xampp\htdocs\lublog\vendor\laravel\framework\src\Illuminate\Routing\ControllerDispatcher.php(108): Illuminate\Pipeline\Pipeline->then(Object(Closure))
#14 C:\xampp\htdocs\lublog\vendor\laravel\framework\src\Illuminate\Routing\ControllerDispatcher.php(67): Illuminate\Routing\ControllerDispatcher->callWithinStack(Object(App\Http\Controllers\ArticleController), Object(Illuminate\Routing\Route), Object(Illuminate\Http\Request), 'index')
#15 C:\xampp\htdocs\lublog\vendor\laravel\framework\src\Illuminate\Routing\Route.php(198): Illuminate\Routing\ControllerDispatcher->dispatch(Object(Illuminate\Routing\Route), Object(Illuminate\Http\Request), 'App\\Http\\Contro...', 'index')
#16 C:\xampp\htdocs\lublog\vendor\laravel\framework\src\Illuminate\Routing\Route.php(131): Illuminate\Routing\Route->runWithCustomDispatcher(Object(Illuminate\Http\Request))
#17 C:\xampp\htdocs\lublog\vendor\laravel\framework\src\Illuminate\Routing\Router.php(691): Illuminate\Routing\Route->run(Object(Illuminate\Http\Request))
#18 [internal function]: Illuminate\Routing\Router->Illuminate\Routing\{closure}(Object(Illuminate\Http\Request))
#19 C:\xampp\htdocs\lublog\vendor\laravel\framework\src\Illuminate\Pipeline\Pipeline.php(141): call_user_func(Object(Closure), Object(Illuminate\Http\Request))
#20 C:\xampp\htdocs\lublog\app\Http\Middleware\Authenticate.php(47): Illuminate\Pipeline\Pipeline->Illuminate\Pipeline\{closure}(Object(Illuminate\Http\Request))
#21 C:\xampp\htdocs\lublog\vendor\laravel\framework\src\Illuminate\Pipeline\Pipeline.php(125): App\Http\Middleware\Authenticate->handle(Object(Illuminate\Http\Request), Object(Closure))
#22 [internal function]: Illuminate\Pipeline\Pipeline->Illuminate\Pipeline\{closure}(Object(Illuminate\Http\Request))
#23 C:\xampp\htdocs\lublog\vendor\laravel\framework\src\Illuminate\Pipeline\Pipeline.php(101): call_user_func(Object(Closure), Object(Illuminate\Http\Request))
#24 C:\xampp\htdocs\lublog\vendor\laravel\framework\src\Illuminate\Routing\Router.php(693): Illuminate\Pipeline\Pipeline->then(Object(Closure))
#25 C:\xampp\htdocs\lublog\vendor\laravel\framework\src\Illuminate\Routing\Router.php(660): Illuminate\Routing\Router->runRouteWithinStack(Object(Illuminate\Routing\Route), Object(Illuminate\Http\Request))
#26 C:\xampp\htdocs\lublog\vendor\laravel\framework\src\Illuminate\Routing\Router.php(618): Illuminate\Routing\Router->dispatchToRoute(Object(Illuminate\Http\Request))
#27 C:\xampp\htdocs\lublog\vendor\laravel\framework\src\Illuminate\Foundation\Http\Kernel.php(210): Illuminate\Routing\Router->dispatch(Object(Illuminate\Http\Request))
#28 [internal function]: Illuminate\Foundation\Http\Kernel->Illuminate\Foundation\Http\{closure}(Object(Illuminate\Http\Request))
#29 C:\xampp\htdocs\lublog\vendor\laravel\framework\src\Illuminate\Pipeline\Pipeline.php(141): call_user_func(Object(Closure), Object(Illuminate\Http\Request))
#30 C:\xampp\htdocs\lublog\vendor\laravel\framework\src\Illuminate\Foundation\Http\Middleware\VerifyCsrfToken.php(43): Illuminate\Pipeline\Pipeline->Illuminate\Pipeline\{closure}(Object(Illuminate\Http\Request))
#31 C:\xampp\htdocs\lublog\app\Http\Middleware\VerifyCsrfToken.php(17): Illuminate\Foundation\Http\Middleware\VerifyCsrfToken->handle(Object(Illuminate\Http\Request), Object(Closure))
#32 C:\xampp\htdocs\lublog\vendor\laravel\framework\src\Illuminate\Pipeline\Pipeline.php(125): App\Http\Middleware\VerifyCsrfToken->handle(Object(Illuminate\Http\Request), Object(Closure))
#33 C:\xampp\htdocs\lublog\vendor\laravel\framework\src\Illuminate\View\Middleware\ShareErrorsFromSession.php(55): Illuminate\Pipeline\Pipeline->Illuminate\Pipeline\{closure}(Object(Illuminate\Http\Request))
#34 C:\xampp\htdocs\lublog\vendor\laravel\framework\src\Illuminate\Pipeline\Pipeline.php(125): Illuminate\View\Middleware\ShareErrorsFromSession->handle(Object(Illuminate\Http\Request), Object(Closure))
#35 C:\xampp\htdocs\lublog\vendor\laravel\framework\src\Illuminate\Session\Middleware\StartSession.php(61): Illuminate\Pipeline\Pipeline->Illuminate\Pipeline\{closure}(Object(Illuminate\Http\Request))
#36 C:\xampp\htdocs\lublog\vendor\laravel\framework\src\Illuminate\Pipeline\Pipeline.php(125): Illuminate\Session\Middleware\StartSession->handle(Object(Illuminate\Http\Request), Object(Closure))
#37 C:\xampp\htdocs\lublog\vendor\laravel\framework\src\Illuminate\Cookie\Middleware\AddQueuedCookiesToResponse.php(36): Illuminate\Pipeline\Pipeline->Illuminate\Pipeline\{closure}(Object(Illuminate\Http\Request))
#38 C:\xampp\htdocs\lublog\vendor\laravel\framework\src\Illuminate\Pipeline\Pipeline.php(125): Illuminate\Cookie\Middleware\AddQueuedCookiesToResponse->handle(Object(Illuminate\Http\Request), Object(Closure))
#39 C:\xampp\htdocs\lublog\vendor\laravel\framework\src\Illuminate\Cookie\Middleware\EncryptCookies.php(40): Illuminate\Pipeline\Pipeline->Illuminate\Pipeline\{closure}(Object(Illuminate\Http\Request))
#40 C:\xampp\htdocs\lublog\vendor\laravel\framework\src\Illuminate\Pipeline\Pipeline.php(125): Illuminate\Cookie\Middleware\EncryptCookies->handle(Object(Illuminate\Http\Request), Object(Closure))
#41 C:\xampp\htdocs\lublog\vendor\laravel\framework\src\Illuminate\Foundation\Http\Middleware\CheckForMaintenanceMode.php(42): Illuminate\Pipeline\Pipeline->Illuminate\Pipeline\{closure}(Object(Illuminate\Http\Request))
#42 C:\xampp\htdocs\lublog\vendor\laravel\framework\src\Illuminate\Pipeline\Pipeline.php(125): Illuminate\Foundation\Http\Middleware\CheckForMaintenanceMode->handle(Object(Illuminate\Http\Request), Object(Closure))
#43 [internal function]: Illuminate\Pipeline\Pipeline->Illuminate\Pipeline\{closure}(Object(Illuminate\Http\Request))
#44 C:\xampp\htdocs\lublog\vendor\laravel\framework\src\Illuminate\Pipeline\Pipeline.php(101): call_user_func(Object(Closure), Object(Illuminate\Http\Request))
#45 C:\xampp\htdocs\lublog\vendor\laravel\framework\src\Illuminate\Foundation\Http\Kernel.php(111): Illuminate\Pipeline\Pipeline->then(Object(Closure))
#46 C:\xampp\htdocs\lublog\vendor\laravel\framework\src\Illuminate\Foundation\Http\Kernel.php(84): Illuminate\Foundation\Http\Kernel->sendRequestThroughRouter(Object(Illuminate\Http\Request))
#47 C:\xampp\htdocs\lublog\public\index.php(53): Illuminate\Foundation\Http\Kernel->handle(Object(Illuminate\Http\Request))
#48 {main}  
