[2015-10-08 16:51:34] local.ERROR: exception 'RuntimeException' with message 'Not enough arguments.' in C:\xampp\htdocs\lublog\vendor\symfony\console\Symfony\Component\Console\Input\Input.php:77
Stack trace:
#0 C:\xampp\htdocs\lublog\vendor\symfony\console\Symfony\Component\Console\Command\Command.php(248): Symfony\Component\Console\Input\Input->validate()
#1 C:\xampp\htdocs\lublog\vendor\laravel\framework\src\Illuminate\Console\Command.php(101): Symfony\Component\Console\Command\Command->run(Object(Symfony\Component\Console\Input\ArgvInput), Object(Symfony\Component\Console\Output\ConsoleOutput))
#2 C:\xampp\htdocs\lublog\vendor\symfony\console\Symfony\Component\Console\Application.php(874): Illuminate\Console\Command->run(Object(Symfony\Component\Console\Input\ArgvInput), Object(Symfony\Component\Console\Output\ConsoleOutput))
#3 C:\xampp\htdocs\lublog\vendor\symfony\console\Symfony\Component\Console\Application.php(195): Symfony\Component\Console\Application->doRunCommand(Object(Illuminate\Routing\Console\ControllerMakeCommand), Object(Symfony\Component\Console\Input\ArgvInput), Object(Symfony\Component\Console\Output\ConsoleOutput))
#4 C:\xampp\htdocs\lublog\vendor\symfony\console\Symfony\Component\Console\Application.php(126): Symfony\Component\Console\Application->doRun(Object(Symfony\Component\Console\Input\ArgvInput), Object(Symfony\Component\Console\Output\ConsoleOutput))
#5 C:\xampp\htdocs\lublog\vendor\laravel\framework\src\Illuminate\Foundation\Console\Kernel.php(90): Symfony\Component\Console\Application->run(Object(Symfony\Component\Console\Input\ArgvInput), Object(Symfony\Component\Console\Output\ConsoleOutput))
#6 C:\xampp\htdocs\lublog\artisan(36): Illuminate\Foundation\Console\Kernel->handle(Object(Symfony\Component\Console\Input\ArgvInput), Object(Symfony\Component\Console\Output\ConsoleOutput))
#7 {main}  
[2015-10-08 17:10:18] local.ERROR: exception 'ErrorException' with message 'Trying to get property of non-object' in C:\xampp\htdocs\lublog\storage\framework\views\aa63a3c2148d458462cc885e14bacf96:1
Stack trace:
#0 C:\xampp\htdocs\lublog\storage\framework\views\aa63a3c2148d458462cc885e14bacf96(1): Illuminate\Foundation\Bootstrap\HandleExceptions->handleError(8, 'Trying to get p...', 'C:\\xampp\\htdocs...', 1, Array)
#1 C:\xampp\htdocs\lublog\vendor\laravel\framework\src\Illuminate\View\Engines\PhpEngine.php(39): include('C:\\xampp\\htdocs...')
#2 C:\xampp\htdocs\lublog\vendor\laravel\framework\src\Illuminate\View\Engines\CompilerEngine.php(57): Illuminate\View\Engines\PhpEngine->evaluatePath('C:\\xampp\\htdocs...', Array)
#3 C:\xampp\htdocs\lublog\vendor\laravel\framework\src\Illuminate\View\View.php(136): Illuminate\View\Engines\CompilerEngine->get('C:\\xampp\\htdocs...', Array)
#4 C:\xampp\htdocs\lublog\vendor\laravel\framework\src\Illuminate\View\View.php(104): Illuminate\View\View->getContents()
#5 C:\xampp\htdocs\lublog\vendor\laravel\framework\src\Illuminate\View\View.php(78): Illuminate\View\View->renderContents()
#6 C:\xampp\htdocs\lublog\vendor\laravel\framework\src\Illuminate\Http\Response.php(44): Illuminate\View\View->render()
#7 C:\xampp\htdocs\lublog\vendor\symfony\http-foundation\Symfony\Component\HttpFoundation\Response.php(202): Illuminate\Http\Response->setContent(Object(Illuminate\View\View))
#8 C:\xampp\htdocs\lublog\vendor\laravel\framework\src\Illuminate\Routing\Router.php(1188): Symfony\Component\HttpFoundation\Response->__construct(Object(Illuminate\View\View))
#9 C:\xampp\htdocs\lublog\vendor\laravel\framework\src\Illuminate\Routing\Router.php(692): Illuminate\Routing\Router->prepareResponse(Object(Illuminate\Http\Request), Object(Illuminate\View\View))
#10 [internal function]: Illuminate\Routing\Router->Illuminate\Routing\{closure}(Object(Illuminate\Http\Request))
#11 C:\xampp\htdocs\lublog\vendor\laravel\framework\src\Illuminate\Pipeline\Pipeline.php(141): call_user_func(Object(Closure), Object(Illuminate\Http\Request))
#12 [internal function]: Illuminate\Pipeline\Pipeline->Illuminate\Pipeline\{closure}(Object(Illuminate\Http\Request))
#13 C:\xampp\htdocs\lublog\vendor\laravel\framework\src\Illuminate\Pipeline\Pipeline.php(101): call_user_func(Object(Closure), Object(Illuminate\Http\Request))
#14 C:\xampp\htdocs\lublog\vendor\laravel\framework\src\Illuminate\Routing\Router.php(693): Illuminate\Pipeline\Pipeline->then(Object(Closure))
#15 C:\xampp\htdocs\lublog\vendor\laravel\framework\src\Illuminate\Routing\Router.php(660): Illuminate\Routing\Router->runRouteWithinStack(Object(Illuminate\Routing\Route), Object(Illuminate\Http\Request))
#16 C:\xampp\htdocs\lublog\vendor\laravel\framework\src\Illuminate\Routing\Router.php(618): Illuminate\Routing\Router->dispatchToRoute(Object(Illuminate\Http\Request))
#17 C:\xampp\htdocs\lublog\vendor\laravel\framework\src\Illuminate\Foundation\Http\Kernel.php(210): Illuminate\Routing\Router->dispatch(Object(Illuminate\Http\Request))
#18 [internal function]: Illuminate\Foundation\Http\Kernel->Illuminate\Foundation\Http\{closure}(Object(Illuminate\Http\Request))
#19 C:\xampp\htdocs\lublog\vendor\laravel\framework\src\Illuminate\Pipeline\Pipeline.php(141): call_user_func(Object(Closure), Object(Illuminate\Http\Request))
#20 C:\xampp\htdocs\lublog\vendor\laravel\framework\src\Illuminate\Foundation\Http\Middleware\VerifyCsrfToken.php(43): Illuminate\Pipeline\Pipeline->Illuminate\Pipeline\{closure}(Object(Illuminate\Http\Request))
#21 C:\xampp\htdocs\lublog\app\Http\Middleware\VerifyCsrfToken.php(17): Illuminate\Foundation\Http\Middleware\VerifyCsrfToken->handle(Object(Illuminate\Http\Request), Object(Closure))
#22 C:\xampp\htdocs\lublog\vendor\laravel\framework\src\Illuminate\Pipeline\Pipeline.php(125): lublog\Http\Middleware\VerifyCsrfToken->handle(Object(Illuminate\Http\Request), Object(Closure))
#23 C:\xampp\htdocs\lublog\vendor\laravel\framework\src\Illuminate\View\Middleware\ShareErrorsFromSession.php(55): Illuminate\Pipeline\Pipeline->Illuminate\Pipeline\{closure}(Object(Illuminate\Http\Request))
#24 C:\xampp\htdocs\lublog\vendor\laravel\framework\src\Illuminate\Pipeline\Pipeline.php(125): Illuminate\View\Middleware\ShareErrorsFromSession->handle(Object(Illuminate\Http\Request), Object(Closure))
#25 C:\xampp\htdocs\lublog\vendor\laravel\framework\src\Illuminate\Session\Middleware\StartSession.php(61): Illuminate\Pipeline\Pipeline->Illuminate\Pipeline\{closure}(Object(Illuminate\Http\Request))
#26 C:\xampp\htdocs\lublog\vendor\laravel\framework\src\Illuminate\Pipeline\Pipeline.php(125): Illuminate\Session\Middleware\StartSession->handle(Object(Illuminate\Http\Request), Object(Closure))
#27 C:\xampp\htdocs\lublog\vendor\laravel\framework\src\Illuminate\Cookie\Middleware\AddQueuedCookiesToResponse.php(36): Illuminate\Pipeline\Pipeline->Illuminate\Pipeline\{closure}(Object(Illuminate\Http\Request))
#28 C:\xampp\htdocs\lublog\vendor\laravel\framework\src\Illuminate\Pipeline\Pipeline.php(125): Illuminate\Cookie\Middleware\AddQueuedCookiesToResponse->handle(Object(Illuminate\Http\Request), Object(Closure))
#29 C:\xampp\htdocs\lublog\vendor\laravel\framework\src\Illuminate\Cookie\Middleware\EncryptCookies.php(40): Illuminate\Pipeline\Pipeline->Illuminate\Pipeline\{closure}(Object(Illuminate\Http\Request))
#30 C:\xampp\htdocs\lublog\vendor\laravel\framework\src\Illuminate\Pipeline\Pipeline.php(125): Illuminate\Cookie\Middleware\EncryptCookies->handle(Object(Illuminate\Http\Request), Object(Closure))
#31 C:\xampp\htdocs\lublog\vendor\laravel\framework\src\Illuminate\Foundation\Http\Middleware\CheckForMaintenanceMode.php(42): Illuminate\Pipeline\Pipeline->Illuminate\Pipeline\{closure}(Object(Illuminate\Http\Request))
#32 C:\xampp\htdocs\lublog\vendor\laravel\framework\src\Illuminate\Pipeline\Pipeline.php(125): Illuminate\Foundation\Http\Middleware\CheckForMaintenanceMode->handle(Object(Illuminate\Http\Request), Object(Closure))
#33 [internal function]: Illuminate\Pipeline\Pipeline->Illuminate\Pipeline\{closure}(Object(Illuminate\Http\Request))
#34 C:\xampp\htdocs\lublog\vendor\laravel\framework\src\Illuminate\Pipeline\Pipeline.php(101): call_user_func(Object(Closure), Object(Illuminate\Http\Request))
#35 C:\xampp\htdocs\lublog\vendor\laravel\framework\src\Illuminate\Foundation\Http\Kernel.php(111): Illuminate\Pipeline\Pipeline->then(Object(Closure))
#36 C:\xampp\htdocs\lublog\vendor\laravel\framework\src\Illuminate\Foundation\Http\Kernel.php(84): Illuminate\Foundation\Http\Kernel->sendRequestThroughRouter(Object(Illuminate\Http\Request))
#37 C:\xampp\htdocs\lublog\public\index.php(53): Illuminate\Foundation\Http\Kernel->handle(Object(Illuminate\Http\Request))
#38 {main}

Next exception 'ErrorException' with message 'Trying to get property of non-object (View: C:\xampp\htdocs\lublog\resources\views\article_detailed.blade.php)' in C:\xampp\htdocs\lublog\storage\framework\views\aa63a3c2148d458462cc885e14bacf96:1
Stack trace:
#0 C:\xampp\htdocs\lublog\vendor\laravel\framework\src\Illuminate\View\Engines\PhpEngine.php(43): Illuminate\View\Engines\CompilerEngine->handleViewException(Object(ErrorException), 1)
#1 C:\xampp\htdocs\lublog\vendor\laravel\framework\src\Illuminate\View\Engines\CompilerEngine.php(57): Illuminate\View\Engines\PhpEngine->evaluatePath('C:\\xampp\\htdocs...', Array)
#2 C:\xampp\htdocs\lublog\vendor\laravel\framework\src\Illuminate\View\View.php(136): Illuminate\View\Engines\CompilerEngine->get('C:\\xampp\\htdocs...', Array)
#3 C:\xampp\htdocs\lublog\vendor\laravel\framework\src\Illuminate\View\View.php(104): Illuminate\View\View->getContents()
#4 C:\xampp\htdocs\lublog\vendor\laravel\framework\src\Illuminate\View\View.php(78): Illuminate\View\View->renderContents()
#5 C:\xampp\htdocs\lublog\vendor\laravel\framework\src\Illuminate\Http\Response.php(44): Illuminate\View\View->render()
#6 C:\xampp\htdocs\lublog\vendor\symfony\http-foundation\Symfony\Component\HttpFoundation\Response.php(202): Illuminate\Http\Response->setContent(Object(Illuminate\View\View))
#7 C:\xampp\htdocs\lublog\vendor\laravel\framework\src\Illuminate\Routing\Router.php(1188): Symfony\Component\HttpFoundation\Response->__construct(Object(Illuminate\View\View))
#8 C:\xampp\htdocs\lublog\vendor\laravel\framework\src\Illuminate\Routing\Router.php(692): Illuminate\Routing\Router->prepareResponse(Object(Illuminate\Http\Request), Object(Illuminate\View\View))
#9 [internal function]: Illuminate\Routing\Router->Illuminate\Routing\{closure}(Object(Illuminate\Http\Request))
#10 C:\xampp\htdocs\lublog\vendor\laravel\framework\src\Illuminate\Pipeline\Pipeline.php(141): call_user_func(Object(Closure), Object(Illuminate\Http\Request))
#11 [internal function]: Illuminate\Pipeline\Pipeline->Illuminate\Pipeline\{closure}(Object(Illuminate\Http\Request))
#12 C:\xampp\htdocs\lublog\vendor\laravel\framework\src\Illuminate\Pipeline\Pipeline.php(101): call_user_func(Object(Closure), Object(Illuminate\Http\Request))
#13 C:\xampp\htdocs\lublog\vendor\laravel\framework\src\Illuminate\Routing\Router.php(693): Illuminate\Pipeline\Pipeline->then(Object(Closure))
#14 C:\xampp\htdocs\lublog\vendor\laravel\framework\src\Illuminate\Routing\Router.php(660): Illuminate\Routing\Router->runRouteWithinStack(Object(Illuminate\Routing\Route), Object(Illuminate\Http\Request))
#15 C:\xampp\htdocs\lublog\vendor\laravel\framework\src\Illuminate\Routing\Router.php(618): Illuminate\Routing\Router->dispatchToRoute(Object(Illuminate\Http\Request))
#16 C:\xampp\htdocs\lublog\vendor\laravel\framework\src\Illuminate\Foundation\Http\Kernel.php(210): Illuminate\Routing\Router->dispatch(Object(Illuminate\Http\Request))
#17 [internal function]: Illuminate\Foundation\Http\Kernel->Illuminate\Foundation\Http\{closure}(Object(Illuminate\Http\Request))
#18 C:\xampp\htdocs\lublog\vendor\laravel\framework\src\Illuminate\Pipeline\Pipeline.php(141): call_user_func(Object(Closure), Object(Illuminate\Http\Request))
#19 C:\xampp\htdocs\lublog\vendor\laravel\framework\src\Illuminate\Foundation\Http\Middleware\VerifyCsrfToken.php(43): Illuminate\Pipeline\Pipeline->Illuminate\Pipeline\{closure}(Object(Illuminate\Http\Request))
#20 C:\xampp\htdocs\lublog\app\Http\Middleware\VerifyCsrfToken.php(17): Illuminate\Foundation\Http\Middleware\VerifyCsrfToken->handle(Object(Illuminate\Http\Request), Object(Closure))
#21 C:\xampp\htdocs\lublog\vendor\laravel\framework\src\Illuminate\Pipeline\Pipeline.php(125): lublog\Http\Middleware\VerifyCsrfToken->handle(Object(Illuminate\Http\Request), Object(Closure))
#22 C:\xampp\htdocs\lublog\vendor\laravel\framework\src\Illuminate\View\Middleware\ShareErrorsFromSession.php(55): Illuminate\Pipeline\Pipeline->Illuminate\Pipeline\{closure}(Object(Illuminate\Http\Request))
#23 C:\xampp\htdocs\lublog\vendor\laravel\framework\src\Illuminate\Pipeline\Pipeline.php(125): Illuminate\View\Middleware\ShareErrorsFromSession->handle(Object(Illuminate\Http\Request), Object(Closure))
#24 C:\xampp\htdocs\lublog\vendor\laravel\framework\src\Illuminate\Session\Middleware\StartSession.php(61): Illuminate\Pipeline\Pipeline->Illuminate\Pipeline\{closure}(Object(Illuminate\Http\Request))
#25 C:\xampp\htdocs\lublog\vendor\laravel\framework\src\Illuminate\Pipeline\Pipeline.php(125): Illuminate\Session\Middleware\StartSession->handle(Object(Illuminate\Http\Request), Object(Closure))
#26 C:\xampp\htdocs\lublog\vendor\laravel\framework\src\Illuminate\Cookie\Middleware\AddQueuedCookiesToResponse.php(36): Illuminate\Pipeline\Pipeline->Illuminate\Pipeline\{closure}(Object(Illuminate\Http\Request))
#27 C:\xampp\htdocs\lublog\vendor\laravel\framework\src\Illuminate\Pipeline\Pipeline.php(125): Illuminate\Cookie\Middleware\AddQueuedCookiesToResponse->handle(Object(Illuminate\Http\Request), Object(Closure))
#28 C:\xampp\htdocs\lublog\vendor\laravel\framework\src\Illuminate\Cookie\Middleware\EncryptCookies.php(40): Illuminate\Pipeline\Pipeline->Illuminate\Pipeline\{closure}(Object(Illuminate\Http\Request))
#29 C:\xampp\htdocs\lublog\vendor\laravel\framework\src\Illuminate\Pipeline\Pipeline.php(125): Illuminate\Cookie\Middleware\EncryptCookies->handle(Object(Illuminate\Http\Request), Object(Closure))
#30 C:\xampp\htdocs\lublog\vendor\laravel\framework\src\Illuminate\Foundation\Http\Middleware\CheckForMaintenanceMode.php(42): Illuminate\Pipeline\Pipeline->Illuminate\Pipeline\{closure}(Object(Illuminate\Http\Request))
#31 C:\xampp\htdocs\lublog\vendor\laravel\framework\src\Illuminate\Pipeline\Pipeline.php(125): Illuminate\Foundation\Http\Middleware\CheckForMaintenanceMode->handle(Object(Illuminate\Http\Request), Object(Closure))
#32 [internal function]: Illuminate\Pipeline\Pipeline->Illuminate\Pipeline\{closure}(Object(Illuminate\Http\Request))
#33 C:\xampp\htdocs\lublog\vendor\laravel\framework\src\Illuminate\Pipeline\Pipeline.php(101): call_user_func(Object(Closure), Object(Illuminate\Http\Request))
#34 C:\xampp\htdocs\lublog\vendor\laravel\framework\src\Illuminate\Foundation\Http\Kernel.php(111): Illuminate\Pipeline\Pipeline->then(Object(Closure))
#35 C:\xampp\htdocs\lublog\vendor\laravel\framework\src\Illuminate\Foundation\Http\Kernel.php(84): Illuminate\Foundation\Http\Kernel->sendRequestThroughRouter(Object(Illuminate\Http\Request))
#36 C:\xampp\htdocs\lublog\public\index.php(53): Illuminate\Foundation\Http\Kernel->handle(Object(Illuminate\Http\Request))
#37 {main}  
[2015-10-08 17:19:17] local.ERROR: exception 'ErrorException' with message 'Use of undefined constant images - assumed 'images'' in C:\xampp\htdocs\lublog\app\Http\Controllers\PageController.php(51) : assert code:1
Stack trace:
#0 C:\xampp\htdocs\lublog\app\Http\Controllers\PageController.php(51) : assert code(1): Illuminate\Foundation\Bootstrap\HandleExceptions->handleError(8, 'Use of undefine...', 'C:\\xampp\\htdocs...', 1, Array)
#1 C:\xampp\htdocs\lublog\app\Http\Controllers\PageController.php(51): assert('images/avatar.j...')
#2 [internal function]: lublog\Http\Controllers\PageController->feed()
#3 C:\xampp\htdocs\lublog\vendor\laravel\framework\src\Illuminate\Routing\Controller.php(246): call_user_func_array(Array, Array)
#4 C:\xampp\htdocs\lublog\vendor\laravel\framework\src\Illuminate\Routing\ControllerDispatcher.php(162): Illuminate\Routing\Controller->callAction('feed', Array)
#5 C:\xampp\htdocs\lublog\vendor\laravel\framework\src\Illuminate\Routing\ControllerDispatcher.php(107): Illuminate\Routing\ControllerDispatcher->call(Object(lublog\Http\Controllers\PageController), Object(Illuminate\Routing\Route), 'feed')
#6 [internal function]: Illuminate\Routing\ControllerDispatcher->Illuminate\Routing\{closure}(Object(Illuminate\Http\Request))
#7 C:\xampp\htdocs\lublog\vendor\laravel\framework\src\Illuminate\Pipeline\Pipeline.php(141): call_user_func(Object(Closure), Object(Illuminate\Http\Request))
#8 [internal function]: Illuminate\Pipeline\Pipeline->Illuminate\Pipeline\{closure}(Object(Illuminate\Http\Request))
#9 C:\xampp\htdocs\lublog\vendor\laravel\framework\src\Illuminate\Pipeline\Pipeline.php(101): call_user_func(Object(Closure), Object(Illuminate\Http\Request))
#10 C:\xampp\htdocs\lublog\vendor\laravel\framework\src\Illuminate\Routing\ControllerDispatcher.php(108): Illuminate\Pipeline\Pipeline->then(Object(Closure))
#11 C:\xampp\htdocs\lublog\vendor\laravel\framework\src\Illuminate\Routing\ControllerDispatcher.php(67): Illuminate\Routing\ControllerDispatcher->callWithinStack(Object(lublog\Http\Controllers\PageController), Object(Illuminate\Routing\Route), Object(Illuminate\Http\Request), 'feed')
#12 C:\xampp\htdocs\lublog\vendor\laravel\framework\src\Illuminate\Routing\Route.php(198): Illuminate\Routing\ControllerDispatcher->dispatch(Object(Illuminate\Routing\Route), Object(Illuminate\Http\Request), 'lublog\\Http\\Con...', 'feed')
#13 C:\xampp\htdocs\lublog\vendor\laravel\framework\src\Illuminate\Routing\Route.php(131): Illuminate\Routing\Route->runWithCustomDispatcher(Object(Illuminate\Http\Request))
#14 C:\xampp\htdocs\lublog\vendor\laravel\framework\src\Illuminate\Routing\Router.php(691): Illuminate\Routing\Route->run(Object(Illuminate\Http\Request))
#15 [internal function]: Illuminate\Routing\Router->Illuminate\Routing\{closure}(Object(Illuminate\Http\Request))
#16 C:\xampp\htdocs\lublog\vendor\laravel\framework\src\Illuminate\Pipeline\Pipeline.php(141): call_user_func(Object(Closure), Object(Illuminate\Http\Request))
#17 [internal function]: Illuminate\Pipeline\Pipeline->Illuminate\Pipeline\{closure}(Object(Illuminate\Http\Request))
#18 C:\xampp\htdocs\lublog\vendor\laravel\framework\src\Illuminate\Pipeline\Pipeline.php(101): call_user_func(Object(Closure), Object(Illuminate\Http\Request))
#19 C:\xampp\htdocs\lublog\vendor\laravel\framework\src\Illuminate\Routing\Router.php(693): Illuminate\Pipeline\Pipeline->then(Object(Closure))
#20 C:\xampp\htdocs\lublog\vendor\laravel\framework\src\Illuminate\Routing\Router.php(660): Illuminate\Routing\Router->runRouteWithinStack(Object(Illuminate\Routing\Route), Object(Illuminate\Http\Request))
#21 C:\xampp\htdocs\lublog\vendor\laravel\framework\src\Illuminate\Routing\Router.php(618): Illuminate\Routing\Router->dispatchToRoute(Object(Illuminate\Http\Request))
#22 C:\xampp\htdocs\lublog\vendor\laravel\framework\src\Illuminate\Foundation\Http\Kernel.php(210): Illuminate\Routing\Router->dispatch(Object(Illuminate\Http\Request))
#23 [internal function]: Illuminate\Foundation\Http\Kernel->Illuminate\Foundation\Http\{closure}(Object(Illuminate\Http\Request))
#24 C:\xampp\htdocs\lublog\vendor\laravel\framework\src\Illuminate\Pipeline\Pipeline.php(141): call_user_func(Object(Closure), Object(Illuminate\Http\Request))
#25 C:\xampp\htdocs\lublog\vendor\laravel\framework\src\Illuminate\Foundation\Http\Middleware\VerifyCsrfToken.php(43): Illuminate\Pipeline\Pipeline->Illuminate\Pipeline\{closure}(Object(Illuminate\Http\Request))
#26 C:\xampp\htdocs\lublog\app\Http\Middleware\VerifyCsrfToken.php(17): Illuminate\Foundation\Http\Middleware\VerifyCsrfToken->handle(Object(Illuminate\Http\Request), Object(Closure))
#27 C:\xampp\htdocs\lublog\vendor\laravel\framework\src\Illuminate\Pipeline\Pipeline.php(125): lublog\Http\Middleware\VerifyCsrfToken->handle(Object(Illuminate\Http\Request), Object(Closure))
#28 C:\xampp\htdocs\lublog\vendor\laravel\framework\src\Illuminate\View\Middleware\ShareErrorsFromSession.php(55): Illuminate\Pipeline\Pipeline->Illuminate\Pipeline\{closure}(Object(Illuminate\Http\Request))
#29 C:\xampp\htdocs\lublog\vendor\laravel\framework\src\Illuminate\Pipeline\Pipeline.php(125): Illuminate\View\Middleware\ShareErrorsFromSession->handle(Object(Illuminate\Http\Request), Object(Closure))
#30 C:\xampp\htdocs\lublog\vendor\laravel\framework\src\Illuminate\Session\Middleware\StartSession.php(61): Illuminate\Pipeline\Pipeline->Illuminate\Pipeline\{closure}(Object(Illuminate\Http\Request))
#31 C:\xampp\htdocs\lublog\vendor\laravel\framework\src\Illuminate\Pipeline\Pipeline.php(125): Illuminate\Session\Middleware\StartSession->handle(Object(Illuminate\Http\Request), Object(Closure))
#32 C:\xampp\htdocs\lublog\vendor\laravel\framework\src\Illuminate\Cookie\Middleware\AddQueuedCookiesToResponse.php(36): Illuminate\Pipeline\Pipeline->Illuminate\Pipeline\{closure}(Object(Illuminate\Http\Request))
#33 C:\xampp\htdocs\lublog\vendor\laravel\framework\src\Illuminate\Pipeline\Pipeline.php(125): Illuminate\Cookie\Middleware\AddQueuedCookiesToResponse->handle(Object(Illuminate\Http\Request), Object(Closure))
#34 C:\xampp\htdocs\lublog\vendor\laravel\framework\src\Illuminate\Cookie\Middleware\EncryptCookies.php(40): Illuminate\Pipeline\Pipeline->Illuminate\Pipeline\{closure}(Object(Illuminate\Http\Request))
#35 C:\xampp\htdocs\lublog\vendor\laravel\framework\src\Illuminate\Pipeline\Pipeline.php(125): Illuminate\Cookie\Middleware\EncryptCookies->handle(Object(Illuminate\Http\Request), Object(Closure))
#36 C:\xampp\htdocs\lublog\vendor\laravel\framework\src\Illuminate\Foundation\Http\Middleware\CheckForMaintenanceMode.php(42): Illuminate\Pipeline\Pipeline->Illuminate\Pipeline\{closure}(Object(Illuminate\Http\Request))
#37 C:\xampp\htdocs\lublog\vendor\laravel\framework\src\Illuminate\Pipeline\Pipeline.php(125): Illuminate\Foundation\Http\Middleware\CheckForMaintenanceMode->handle(Object(Illuminate\Http\Request), Object(Closure))
#38 [internal function]: Illuminate\Pipeline\Pipeline->Illuminate\Pipeline\{closure}(Object(Illuminate\Http\Request))
#39 C:\xampp\htdocs\lublog\vendor\laravel\framework\src\Illuminate\Pipeline\Pipeline.php(101): call_user_func(Object(Closure), Object(Illuminate\Http\Request))
#40 C:\xampp\htdocs\lublog\vendor\laravel\framework\src\Illuminate\Foundation\Http\Kernel.php(111): Illuminate\Pipeline\Pipeline->then(Object(Closure))
#41 C:\xampp\htdocs\lublog\vendor\laravel\framework\src\Illuminate\Foundation\Http\Kernel.php(84): Illuminate\Foundation\Http\Kernel->sendRequestThroughRouter(Object(Illuminate\Http\Request))
#42 C:\xampp\htdocs\lublog\public\index.php(53): Illuminate\Foundation\Http\Kernel->handle(Object(Illuminate\Http\Request))
#43 {main}  
[2015-10-08 17:19:37] local.ERROR: exception 'ErrorException' with message 'assert(): Failure evaluating code: 
/images/avatar.jpg' in C:\xampp\htdocs\lublog\app\Http\Controllers\PageController.php:51
Stack trace:
#0 [internal function]: Illuminate\Foundation\Bootstrap\HandleExceptions->handleError(4096, 'assert(): Failu...', 'C:\\xampp\\htdocs...', 51, Array)
#1 C:\xampp\htdocs\lublog\app\Http\Controllers\PageController.php(51): assert('/images/avatar....')
#2 [internal function]: lublog\Http\Controllers\PageController->feed()
#3 C:\xampp\htdocs\lublog\vendor\laravel\framework\src\Illuminate\Routing\Controller.php(246): call_user_func_array(Array, Array)
#4 C:\xampp\htdocs\lublog\vendor\laravel\framework\src\Illuminate\Routing\ControllerDispatcher.php(162): Illuminate\Routing\Controller->callAction('feed', Array)
#5 C:\xampp\htdocs\lublog\vendor\laravel\framework\src\Illuminate\Routing\ControllerDispatcher.php(107): Illuminate\Routing\ControllerDispatcher->call(Object(lublog\Http\Controllers\PageController), Object(Illuminate\Routing\Route), 'feed')
#6 [internal function]: Illuminate\Routing\ControllerDispatcher->Illuminate\Routing\{closure}(Object(Illuminate\Http\Request))
#7 C:\xampp\htdocs\lublog\vendor\laravel\framework\src\Illuminate\Pipeline\Pipeline.php(141): call_user_func(Object(Closure), Object(Illuminate\Http\Request))
#8 [internal function]: Illuminate\Pipeline\Pipeline->Illuminate\Pipeline\{closure}(Object(Illuminate\Http\Request))
#9 C:\xampp\htdocs\lublog\vendor\laravel\framework\src\Illuminate\Pipeline\Pipeline.php(101): call_user_func(Object(Closure), Object(Illuminate\Http\Request))
#10 C:\xampp\htdocs\lublog\vendor\laravel\framework\src\Illuminate\Routing\ControllerDispatcher.php(108): Illuminate\Pipeline\Pipeline->then(Object(Closure))
#11 C:\xampp\htdocs\lublog\vendor\laravel\framework\src\Illuminate\Routing\ControllerDispatcher.php(67): Illuminate\Routing\ControllerDispatcher->callWithinStack(Object(lublog\Http\Controllers\PageController), Object(Illuminate\Routing\Route), Object(Illuminate\Http\Request), 'feed')
#12 C:\xampp\htdocs\lublog\vendor\laravel\framework\src\Illuminate\Routing\Route.php(198): Illuminate\Routing\ControllerDispatcher->dispatch(Object(Illuminate\Routing\Route), Object(Illuminate\Http\Request), 'lublog\\Http\\Con...', 'feed')
#13 C:\xampp\htdocs\lublog\vendor\laravel\framework\src\Illuminate\Routing\Route.php(131): Illuminate\Routing\Route->runWithCustomDispatcher(Object(Illuminate\Http\Request))
#14 C:\xampp\htdocs\lublog\vendor\laravel\framework\src\Illuminate\Routing\Router.php(691): Illuminate\Routing\Route->run(Object(Illuminate\Http\Request))
#15 [internal function]: Illuminate\Routing\Router->Illuminate\Routing\{closure}(Object(Illuminate\Http\Request))
#16 C:\xampp\htdocs\lublog\vendor\laravel\framework\src\Illuminate\Pipeline\Pipeline.php(141): call_user_func(Object(Closure), Object(Illuminate\Http\Request))
#17 [internal function]: Illuminate\Pipeline\Pipeline->Illuminate\Pipeline\{closure}(Object(Illuminate\Http\Request))
#18 C:\xampp\htdocs\lublog\vendor\laravel\framework\src\Illuminate\Pipeline\Pipeline.php(101): call_user_func(Object(Closure), Object(Illuminate\Http\Request))
#19 C:\xampp\htdocs\lublog\vendor\laravel\framework\src\Illuminate\Routing\Router.php(693): Illuminate\Pipeline\Pipeline->then(Object(Closure))
#20 C:\xampp\htdocs\lublog\vendor\laravel\framework\src\Illuminate\Routing\Router.php(660): Illuminate\Routing\Router->runRouteWithinStack(Object(Illuminate\Routing\Route), Object(Illuminate\Http\Request))
#21 C:\xampp\htdocs\lublog\vendor\laravel\framework\src\Illuminate\Routing\Router.php(618): Illuminate\Routing\Router->dispatchToRoute(Object(Illuminate\Http\Request))
#22 C:\xampp\htdocs\lublog\vendor\laravel\framework\src\Illuminate\Foundation\Http\Kernel.php(210): Illuminate\Routing\Router->dispatch(Object(Illuminate\Http\Request))
#23 [internal function]: Illuminate\Foundation\Http\Kernel->Illuminate\Foundation\Http\{closure}(Object(Illuminate\Http\Request))
#24 C:\xampp\htdocs\lublog\vendor\laravel\framework\src\Illuminate\Pipeline\Pipeline.php(141): call_user_func(Object(Closure), Object(Illuminate\Http\Request))
#25 C:\xampp\htdocs\lublog\vendor\laravel\framework\src\Illuminate\Foundation\Http\Middleware\VerifyCsrfToken.php(43): Illuminate\Pipeline\Pipeline->Illuminate\Pipeline\{closure}(Object(Illuminate\Http\Request))
#26 C:\xampp\htdocs\lublog\app\Http\Middleware\VerifyCsrfToken.php(17): Illuminate\Foundation\Http\Middleware\VerifyCsrfToken->handle(Object(Illuminate\Http\Request), Object(Closure))
#27 C:\xampp\htdocs\lublog\vendor\laravel\framework\src\Illuminate\Pipeline\Pipeline.php(125): lublog\Http\Middleware\VerifyCsrfToken->handle(Object(Illuminate\Http\Request), Object(Closure))
#28 C:\xampp\htdocs\lublog\vendor\laravel\framework\src\Illuminate\View\Middleware\ShareErrorsFromSession.php(55): Illuminate\Pipeline\Pipeline->Illuminate\Pipeline\{closure}(Object(Illuminate\Http\Request))
#29 C:\xampp\htdocs\lublog\vendor\laravel\framework\src\Illuminate\Pipeline\Pipeline.php(125): Illuminate\View\Middleware\ShareErrorsFromSession->handle(Object(Illuminate\Http\Request), Object(Closure))
#30 C:\xampp\htdocs\lublog\vendor\laravel\framework\src\Illuminate\Session\Middleware\StartSession.php(61): Illuminate\Pipeline\Pipeline->Illuminate\Pipeline\{closure}(Object(Illuminate\Http\Request))
#31 C:\xampp\htdocs\lublog\vendor\laravel\framework\src\Illuminate\Pipeline\Pipeline.php(125): Illuminate\Session\Middleware\StartSession->handle(Object(Illuminate\Http\Request), Object(Closure))
#32 C:\xampp\htdocs\lublog\vendor\laravel\framework\src\Illuminate\Cookie\Middleware\AddQueuedCookiesToResponse.php(36): Illuminate\Pipeline\Pipeline->Illuminate\Pipeline\{closure}(Object(Illuminate\Http\Request))
#33 C:\xampp\htdocs\lublog\vendor\laravel\framework\src\Illuminate\Pipeline\Pipeline.php(125): Illuminate\Cookie\Middleware\AddQueuedCookiesToResponse->handle(Object(Illuminate\Http\Request), Object(Closure))
#34 C:\xampp\htdocs\lublog\vendor\laravel\framework\src\Illuminate\Cookie\Middleware\EncryptCookies.php(40): Illuminate\Pipeline\Pipeline->Illuminate\Pipeline\{closure}(Object(Illuminate\Http\Request))
#35 C:\xampp\htdocs\lublog\vendor\laravel\framework\src\Illuminate\Pipeline\Pipeline.php(125): Illuminate\Cookie\Middleware\EncryptCookies->handle(Object(Illuminate\Http\Request), Object(Closure))
#36 C:\xampp\htdocs\lublog\vendor\laravel\framework\src\Illuminate\Foundation\Http\Middleware\CheckForMaintenanceMode.php(42): Illuminate\Pipeline\Pipeline->Illuminate\Pipeline\{closure}(Object(Illuminate\Http\Request))
#37 C:\xampp\htdocs\lublog\vendor\laravel\framework\src\Illuminate\Pipeline\Pipeline.php(125): Illuminate\Foundation\Http\Middleware\CheckForMaintenanceMode->handle(Object(Illuminate\Http\Request), Object(Closure))
#38 [internal function]: Illuminate\Pipeline\Pipeline->Illuminate\Pipeline\{closure}(Object(Illuminate\Http\Request))
#39 C:\xampp\htdocs\lublog\vendor\laravel\framework\src\Illuminate\Pipeline\Pipeline.php(101): call_user_func(Object(Closure), Object(Illuminate\Http\Request))
#40 C:\xampp\htdocs\lublog\vendor\laravel\framework\src\Illuminate\Foundation\Http\Kernel.php(111): Illuminate\Pipeline\Pipeline->then(Object(Closure))
#41 C:\xampp\htdocs\lublog\vendor\laravel\framework\src\Illuminate\Foundation\Http\Kernel.php(84): Illuminate\Foundation\Http\Kernel->sendRequestThroughRouter(Object(Illuminate\Http\Request))
#42 C:\xampp\htdocs\lublog\public\index.php(53): Illuminate\Foundation\Http\Kernel->handle(Object(Illuminate\Http\Request))
#43 {main}  
[2015-10-08 17:19:37] local.ERROR: exception 'Symfony\Component\Debug\Exception\FatalErrorException' with message 'syntax error, unexpected '/'' in C:\xampp\htdocs\lublog\app\Http\Controllers\PageController.php(51) : assert code:1
Stack trace:
#0 C:\xampp\htdocs\lublog\vendor\laravel\framework\src\Illuminate\Foundation\Bootstrap\HandleExceptions.php(131): Symfony\Component\Debug\Exception\FatalErrorException->__construct()
#1 C:\xampp\htdocs\lublog\vendor\laravel\framework\src\Illuminate\Foundation\Bootstrap\HandleExceptions.php(116): Illuminate\Foundation\Bootstrap\HandleExceptions->fatalExceptionFromError()
#2 C:\xampp\htdocs\lublog\vendor\laravel\framework\src\Illuminate\Foundation\Bootstrap\HandleExceptions.php(0): Illuminate\Foundation\Bootstrap\HandleExceptions->handleShutdown()
#3 {main}  
[2015-10-08 17:21:15] local.ERROR: exception 'Symfony\Component\Debug\Exception\FatalErrorException' with message 'syntax error, unexpected ';', expecting ']'' in C:\xampp\htdocs\lublog\app\Http\Controllers\PageController.php:51
Stack trace:
#0 C:\xampp\htdocs\lublog\vendor\laravel\framework\src\Illuminate\Foundation\Bootstrap\HandleExceptions.php(131): Symfony\Component\Debug\Exception\FatalErrorException->__construct()
#1 C:\xampp\htdocs\lublog\vendor\laravel\framework\src\Illuminate\Foundation\Bootstrap\HandleExceptions.php(116): Illuminate\Foundation\Bootstrap\HandleExceptions->fatalExceptionFromError()
#2 C:\xampp\htdocs\lublog\vendor\laravel\framework\src\Illuminate\Foundation\Bootstrap\HandleExceptions.php(0): Illuminate\Foundation\Bootstrap\HandleExceptions->handleShutdown()
#3 C:\xampp\htdocs\lublog\vendor\composer\ClassLoader.php(301): Composer\Autoload\includeFile()
#4 C:\xampp\htdocs\lublog\vendor\laravel\framework\src\Illuminate\Container\Container.php(0): Composer\Autoload\ClassLoader->loadClass()
#5 C:\xampp\htdocs\lublog\vendor\laravel\framework\src\Illuminate\Container\Container.php(776): spl_autoload_call()
#6 C:\xampp\htdocs\lublog\vendor\laravel\framework\src\Illuminate\Container\Container.php(776): ReflectionClass->__construct()
#7 C:\xampp\htdocs\lublog\vendor\laravel\framework\src\Illuminate\Container\Container.php(656): Illuminate\Container\Container->build()
#8 C:\xampp\htdocs\lublog\vendor\laravel\framework\src\Illuminate\Foundation\Application.php(613): Illuminate\Container\Container->make()
#9 C:\xampp\htdocs\lublog\vendor\laravel\framework\src\Illuminate\Routing\ControllerDispatcher.php(83): Illuminate\Foundation\Application->make()
#10 C:\xampp\htdocs\lublog\vendor\laravel\framework\src\Illuminate\Routing\ControllerDispatcher.php(54): Illuminate\Routing\ControllerDispatcher->makeController()
#11 C:\xampp\htdocs\lublog\vendor\laravel\framework\src\Illuminate\Routing\Route.php(198): Illuminate\Routing\ControllerDispatcher->dispatch()
#12 C:\xampp\htdocs\lublog\vendor\laravel\framework\src\Illuminate\Routing\Route.php(131): Illuminate\Routing\Route->runWithCustomDispatcher()
#13 C:\xampp\htdocs\lublog\vendor\laravel\framework\src\Illuminate\Routing\Router.php(691): Illuminate\Routing\Route->run()
#14 C:\xampp\htdocs\lublog\vendor\laravel\framework\src\Illuminate\Pipeline\Pipeline.php(141): Illuminate\Routing\Router->Illuminate\Routing\{closure}()
#15 C:\xampp\htdocs\lublog\vendor\laravel\framework\src\Illuminate\Pipeline\Pipeline.php(141): call_user_func:{C:\xampp\htdocs\lublog\vendor\laravel\framework\src\Illuminate\Pipeline\Pipeline.php:141}()
#16 C:\xampp\htdocs\lublog\vendor\laravel\framework\src\Illuminate\Pipeline\Pipeline.php(101): Illuminate\Pipeline\Pipeline->Illuminate\Pipeline\{closure}()
#17 C:\xampp\htdocs\lublog\vendor\laravel\framework\src\Illuminate\Pipeline\Pipeline.php(101): call_user_func:{C:\xampp\htdocs\lublog\vendor\laravel\framework\src\Illuminate\Pipeline\Pipeline.php:101}()
#18 C:\xampp\htdocs\lublog\vendor\laravel\framework\src\Illuminate\Routing\Router.php(693): Illuminate\Pipeline\Pipeline->then()
#19 C:\xampp\htdocs\lublog\vendor\laravel\framework\src\Illuminate\Routing\Router.php(660): Illuminate\Routing\Router->runRouteWithinStack()
#20 C:\xampp\htdocs\lublog\vendor\laravel\framework\src\Illuminate\Routing\Router.php(618): Illuminate\Routing\Router->dispatchToRoute()
#21 C:\xampp\htdocs\lublog\vendor\laravel\framework\src\Illuminate\Foundation\Http\Kernel.php(210): Illuminate\Routing\Router->dispatch()
#22 C:\xampp\htdocs\lublog\vendor\laravel\framework\src\Illuminate\Pipeline\Pipeline.php(141): Illuminate\Foundation\Http\Kernel->Illuminate\Foundation\Http\{closure}()
#23 C:\xampp\htdocs\lublog\vendor\laravel\framework\src\Illuminate\Pipeline\Pipeline.php(141): call_user_func:{C:\xampp\htdocs\lublog\vendor\laravel\framework\src\Illuminate\Pipeline\Pipeline.php:141}()
#24 C:\xampp\htdocs\lublog\vendor\laravel\framework\src\Illuminate\Foundation\Http\Middleware\VerifyCsrfToken.php(43): Illuminate\Pipeline\Pipeline->Illuminate\Pipeline\{closure}()
#25 C:\xampp\htdocs\lublog\app\Http\Middleware\VerifyCsrfToken.php(17): Illuminate\Foundation\Http\Middleware\VerifyCsrfToken->handle()
#26 C:\xampp\htdocs\lublog\vendor\laravel\framework\src\Illuminate\Pipeline\Pipeline.php(125): lublog\Http\Middleware\VerifyCsrfToken->handle()
#27 C:\xampp\htdocs\lublog\vendor\laravel\framework\src\Illuminate\View\Middleware\ShareErrorsFromSession.php(55): Illuminate\Pipeline\Pipeline->Illuminate\Pipeline\{closure}()
#28 C:\xampp\htdocs\lublog\vendor\laravel\framework\src\Illuminate\Pipeline\Pipeline.php(125): Illuminate\View\Middleware\ShareErrorsFromSession->handle()
#29 C:\xampp\htdocs\lublog\vendor\laravel\framework\src\Illuminate\Session\Middleware\StartSession.php(61): Illuminate\Pipeline\Pipeline->Illuminate\Pipeline\{closure}()
#30 C:\xampp\htdocs\lublog\vendor\laravel\framework\src\Illuminate\Pipeline\Pipeline.php(125): Illuminate\Session\Middleware\StartSession->handle()
#31 C:\xampp\htdocs\lublog\vendor\laravel\framework\src\Illuminate\Cookie\Middleware\AddQueuedCookiesToResponse.php(36): Illuminate\Pipeline\Pipeline->Illuminate\Pipeline\{closure}()
#32 C:\xampp\htdocs\lublog\vendor\laravel\framework\src\Illuminate\Pipeline\Pipeline.php(125): Illuminate\Cookie\Middleware\AddQueuedCookiesToResponse->handle()
#33 C:\xampp\htdocs\lublog\vendor\laravel\framework\src\Illuminate\Cookie\Middleware\EncryptCookies.php(40): Illuminate\Pipeline\Pipeline->Illuminate\Pipeline\{closure}()
#34 C:\xampp\htdocs\lublog\vendor\laravel\framework\src\Illuminate\Pipeline\Pipeline.php(125): Illuminate\Cookie\Middleware\EncryptCookies->handle()
#35 C:\xampp\htdocs\lublog\vendor\laravel\framework\src\Illuminate\Foundation\Http\Middleware\CheckForMaintenanceMode.php(42): Illuminate\Pipeline\Pipeline->Illuminate\Pipeline\{closure}()
#36 C:\xampp\htdocs\lublog\vendor\laravel\framework\src\Illuminate\Pipeline\Pipeline.php(125): Illuminate\Foundation\Http\Middleware\CheckForMaintenanceMode->handle()
#37 C:\xampp\htdocs\lublog\vendor\laravel\framework\src\Illuminate\Pipeline\Pipeline.php(101): Illuminate\Pipeline\Pipeline->Illuminate\Pipeline\{closure}()
#38 C:\xampp\htdocs\lublog\vendor\laravel\framework\src\Illuminate\Pipeline\Pipeline.php(101): call_user_func:{C:\xampp\htdocs\lublog\vendor\laravel\framework\src\Illuminate\Pipeline\Pipeline.php:101}()
#39 C:\xampp\htdocs\lublog\vendor\laravel\framework\src\Illuminate\Foundation\Http\Kernel.php(111): Illuminate\Pipeline\Pipeline->then()
#40 C:\xampp\htdocs\lublog\vendor\laravel\framework\src\Illuminate\Foundation\Http\Kernel.php(84): Illuminate\Foundation\Http\Kernel->sendRequestThroughRouter()
#41 C:\xampp\htdocs\lublog\public\index.php(53): Illuminate\Foundation\Http\Kernel->handle()
#42 C:\xampp\htdocs\lublog\public\index.php(0): {main}()
#43 {main}  
